{"numFailedTestSuites":0,"numFailedTests":0,"numPassedTestSuites":14,"numPassedTests":85,"numPendingTestSuites":0,"numPendingTests":0,"numRuntimeErrorTestSuites":0,"numTodoTests":0,"numTotalTestSuites":14,"numTotalTests":85,"openHandles":[],"snapshot":{"added":0,"didUpdate":false,"failure":false,"filesAdded":0,"filesRemoved":0,"filesRemovedList":[],"filesUnmatched":0,"filesUpdated":0,"matched":0,"total":0,"unchecked":0,"uncheckedKeysByFile":[],"unmatched":0,"updated":0},"startTime":1727051454798,"success":true,"testResults":[{"assertionResults":[{"ancestorTitles":["_handleError"],"duration":9,"failureDetails":[],"failureMessages":[],"fullName":"_handleError should handle rate limit exceeded error (403)","invocations":1,"location":null,"numPassingAsserts":3,"retryReasons":[],"status":"passed","title":"should handle rate limit exceeded error (403)"},{"ancestorTitles":["_handleError"],"duration":1,"failureDetails":[],"failureMessages":[],"fullName":"_handleError should handle invalid or missing GitHUb Token error (401)","invocations":1,"location":null,"numPassingAsserts":3,"retryReasons":[],"status":"passed","title":"should handle invalid or missing GitHUb Token error (401)"},{"ancestorTitles":["_handleError"],"duration":1,"failureDetails":[],"failureMessages":[],"fullName":"_handleError should handle invalid URL (404)","invocations":1,"location":null,"numPassingAsserts":3,"retryReasons":[],"status":"passed","title":"should handle invalid URL (404)"},{"ancestorTitles":["_handleError"],"duration":1,"failureDetails":[],"failureMessages":[],"fullName":"_handleError should handle between 400 and 500 (406)","invocations":1,"location":null,"numPassingAsserts":3,"retryReasons":[],"status":"passed","title":"should handle between 400 and 500 (406)"},{"ancestorTitles":["_handleError"],"duration":1,"failureDetails":[],"failureMessages":[],"fullName":"_handleError should handle between 500 and 600 (506)","invocations":1,"location":null,"numPassingAsserts":3,"retryReasons":[],"status":"passed","title":"should handle between 500 and 600 (506)"},{"ancestorTitles":["_handleError"],"duration":3,"failureDetails":[],"failureMessages":[],"fullName":"_handleError should handle unknown error","invocations":1,"location":null,"numPassingAsserts":2,"retryReasons":[],"status":"passed","title":"should handle unknown error"}],"endTime":1727051456344,"message":"","name":"/Users/jimmyho/Desktop/Fall_2024/ECE46100/Project_Repository/ECE-461-Project-Repo/test/handleErrors.test.ts","startTime":1727051454850,"status":"passed","summary":""},{"assertionResults":[{"ancestorTitles":["Logger Module"],"duration":6,"failureDetails":[],"failureMessages":[],"fullName":"Logger Module should exit if LOG_FILE is not set","invocations":1,"location":null,"numPassingAsserts":3,"retryReasons":[],"status":"passed","title":"should exit if LOG_FILE is not set"},{"ancestorTitles":["Logger Module"],"duration":2,"failureDetails":[],"failureMessages":[],"fullName":"Logger Module should exit if LOG_FILE does not exist","invocations":1,"location":null,"numPassingAsserts":3,"retryReasons":[],"status":"passed","title":"should exit if LOG_FILE does not exist"}],"endTime":1727051456425,"message":"","name":"/Users/jimmyho/Desktop/Fall_2024/ECE46100/Project_Repository/ECE-461-Project-Repo/test/logger.test.ts","startTime":1727051456351,"status":"passed","summary":""},{"assertionResults":[{"ancestorTitles":["cli"],"duration":1,"failureDetails":[],"failureMessages":[],"fullName":"cli should log error and exit if no file path is provided","invocations":1,"location":null,"numPassingAsserts":2,"retryReasons":[],"status":"passed","title":"should log error and exit if no file path is provided"},{"ancestorTitles":["cli"],"duration":0,"failureDetails":[],"failureMessages":[],"fullName":"cli should log error and exit if file cannot be read","invocations":1,"location":null,"numPassingAsserts":2,"retryReasons":[],"status":"passed","title":"should log error and exit if file cannot be read"},{"ancestorTitles":["cli"],"duration":1,"failureDetails":[],"failureMessages":[],"fullName":"cli should log error and exit if URL processing fails","invocations":1,"location":null,"numPassingAsserts":2,"retryReasons":[],"status":"passed","title":"should log error and exit if URL processing fails"},{"ancestorTitles":["cli"],"duration":1,"failureDetails":[],"failureMessages":[],"fullName":"cli should process URLs and log metrics","invocations":1,"location":null,"numPassingAsserts":3,"retryReasons":[],"status":"passed","title":"should process URLs and log metrics"}],"endTime":1727051456806,"message":"","name":"/Users/jimmyho/Desktop/Fall_2024/ECE46100/Project_Repository/ECE-461-Project-Repo/test/cli.test.ts","startTime":1727051456442,"status":"passed","summary":""},{"assertionResults":[{"ancestorTitles":["calculateCorrectness with almost complete repository"],"duration":15,"failureDetails":[],"failureMessages":[],"fullName":"calculateCorrectness with almost complete repository should give a score >= 0.5 with a complete repo","invocations":1,"location":null,"numPassingAsserts":3,"retryReasons":[],"status":"passed","title":"should give a score >= 0.5 with a complete repo"},{"ancestorTitles":["calculateCorrectness with almost complete repository"],"duration":2,"failureDetails":[],"failureMessages":[],"fullName":"calculateCorrectness with almost complete repository should score <= 0.5 if src/ is empty","invocations":1,"location":null,"numPassingAsserts":3,"retryReasons":[],"status":"passed","title":"should score <= 0.5 if src/ is empty"},{"ancestorTitles":["calculateCorrectness with almost complete repository"],"duration":1,"failureDetails":[],"failureMessages":[],"fullName":"calculateCorrectness with almost complete repository should score a 0 if src/ does not exist ","invocations":1,"location":null,"numPassingAsserts":2,"retryReasons":[],"status":"passed","title":"should score a 0 if src/ does not exist "},{"ancestorTitles":["calculateCorrectness with almost complete repository"],"duration":2,"failureDetails":[],"failureMessages":[],"fullName":"calculateCorrectness with almost complete repository should score a 0 if test/ does not exist ","invocations":1,"location":null,"numPassingAsserts":2,"retryReasons":[],"status":"passed","title":"should score a 0 if test/ does not exist "},{"ancestorTitles":["calculateCorrectness with almost complete repository"],"duration":2,"failureDetails":[],"failureMessages":[],"fullName":"calculateCorrectness with almost complete repository should score a 0 with only deeply hidden ci/cd file","invocations":1,"location":null,"numPassingAsserts":3,"retryReasons":[],"status":"passed","title":"should score a 0 with only deeply hidden ci/cd file"}],"endTime":1727051456940,"message":"","name":"/Users/jimmyho/Desktop/Fall_2024/ECE46100/Project_Repository/ECE-461-Project-Repo/test/correctness.test.ts","startTime":1727051456818,"status":"passed","summary":""},{"assertionResults":[{"ancestorTitles":["urlUtils","extractOwnerAndRepo"],"duration":1,"failureDetails":[],"failureMessages":[],"fullName":"urlUtils extractOwnerAndRepo should extract owner and repo from a valid GitHub URL","invocations":1,"location":null,"numPassingAsserts":1,"retryReasons":[],"status":"passed","title":"should extract owner and repo from a valid GitHub URL"},{"ancestorTitles":["urlUtils","extractOwnerAndRepo"],"duration":3,"failureDetails":[],"failureMessages":[],"fullName":"urlUtils extractOwnerAndRepo should exit with return code 1 for invalid owner and repo","invocations":1,"location":null,"numPassingAsserts":2,"retryReasons":[],"status":"passed","title":"should exit with return code 1 for invalid owner and repo"},{"ancestorTitles":["urlUtils","checkUrlType"],"duration":0,"failureDetails":[],"failureMessages":[],"fullName":"urlUtils checkUrlType should identify a GitHub URL","invocations":1,"location":null,"numPassingAsserts":1,"retryReasons":[],"status":"passed","title":"should identify a GitHub URL"},{"ancestorTitles":["urlUtils","checkUrlType"],"duration":0,"failureDetails":[],"failureMessages":[],"fullName":"urlUtils checkUrlType should identify an npm URL","invocations":1,"location":null,"numPassingAsserts":1,"retryReasons":[],"status":"passed","title":"should identify an npm URL"},{"ancestorTitles":["urlUtils","checkUrlType"],"duration":1,"failureDetails":[],"failureMessages":[],"fullName":"urlUtils checkUrlType should identify an invalid URL","invocations":1,"location":null,"numPassingAsserts":1,"retryReasons":[],"status":"passed","title":"should identify an invalid URL"},{"ancestorTitles":["urlUtils","convertSshToHttps"],"duration":0,"failureDetails":[],"failureMessages":[],"fullName":"urlUtils convertSshToHttps should convert a GitHub SSH URL to HTTPS","invocations":1,"location":null,"numPassingAsserts":1,"retryReasons":[],"status":"passed","title":"should convert a GitHub SSH URL to HTTPS"},{"ancestorTitles":["urlUtils","convertSshToHttps"],"duration":0,"failureDetails":[],"failureMessages":[],"fullName":"urlUtils convertSshToHttps should return the original URL if it is not an SSH URL","invocations":1,"location":null,"numPassingAsserts":1,"retryReasons":[],"status":"passed","title":"should return the original URL if it is not an SSH URL"},{"ancestorTitles":["urlUtils","extractPackageNameFromUrl"],"duration":1,"failureDetails":[],"failureMessages":[],"fullName":"urlUtils extractPackageNameFromUrl should extract npm package name from a valid npm URL","invocations":1,"location":null,"numPassingAsserts":1,"retryReasons":[],"status":"passed","title":"should extract npm package name from a valid npm URL"},{"ancestorTitles":["urlUtils","extractPackageNameFromUrl"],"duration":2,"failureDetails":[],"failureMessages":[],"fullName":"urlUtils extractPackageNameFromUrl should extract GitHub repo name from a valid GitHub URL","invocations":1,"location":null,"numPassingAsserts":1,"retryReasons":[],"status":"passed","title":"should extract GitHub repo name from a valid GitHub URL"},{"ancestorTitles":["urlUtils","extractPackageNameFromUrl"],"duration":9,"failureDetails":[],"failureMessages":[],"fullName":"urlUtils extractPackageNameFromUrl should exit with rc1 for invalid URL","invocations":1,"location":null,"numPassingAsserts":2,"retryReasons":[],"status":"passed","title":"should exit with rc1 for invalid URL"},{"ancestorTitles":["urlUtils","processUrl"],"duration":0,"failureDetails":[],"failureMessages":[],"fullName":"urlUtils processUrl should process a GitHub URL and return owner and repo","invocations":1,"location":null,"numPassingAsserts":1,"retryReasons":[],"status":"passed","title":"should process a GitHub URL and return owner and repo"},{"ancestorTitles":["urlUtils","processUrl"],"duration":0,"failureDetails":[],"failureMessages":[],"fullName":"urlUtils processUrl should process an npm URL and return owner and repo","invocations":1,"location":null,"numPassingAsserts":1,"retryReasons":[],"status":"passed","title":"should process an npm URL and return owner and repo"},{"ancestorTitles":["urlUtils","processUrl"],"duration":1,"failureDetails":[],"failureMessages":[],"fullName":"urlUtils processUrl should return with rc1 for an invalid URL type","invocations":1,"location":null,"numPassingAsserts":2,"retryReasons":[],"status":"passed","title":"should return with rc1 for an invalid URL type"}],"endTime":1727051457015,"message":"","name":"/Users/jimmyho/Desktop/Fall_2024/ECE46100/Project_Repository/ECE-461-Project-Repo/test/urlUtils.test.ts","startTime":1727051456943,"status":"passed","summary":""},{"assertionResults":[{"ancestorTitles":["getGitHubRepoFromNpmUrl"],"duration":1,"failureDetails":[],"failureMessages":[],"fullName":"getGitHubRepoFromNpmUrl should return the GitHub repository URL when it is available","invocations":1,"location":null,"numPassingAsserts":5,"retryReasons":[],"status":"passed","title":"should return the GitHub repository URL when it is available"},{"ancestorTitles":["getGitHubRepoFromNpmUrl"],"duration":6,"failureDetails":[],"failureMessages":[],"fullName":"getGitHubRepoFromNpmUrl should exit the process when the repository URL is not available","invocations":1,"location":null,"numPassingAsserts":4,"retryReasons":[],"status":"passed","title":"should exit the process when the repository URL is not available"},{"ancestorTitles":["getGitHubRepoFromNpmUrl"],"duration":0,"failureDetails":[],"failureMessages":[],"fullName":"getGitHubRepoFromNpmUrl should handle axios errors and exit the process","invocations":1,"location":null,"numPassingAsserts":4,"retryReasons":[],"status":"passed","title":"should handle axios errors and exit the process"},{"ancestorTitles":["getNpmPackageInfo"],"duration":1,"failureDetails":[],"failureMessages":[],"fullName":"getNpmPackageInfo should return package info when data is available","invocations":1,"location":null,"numPassingAsserts":6,"retryReasons":[],"status":"passed","title":"should return package info when data is available"},{"ancestorTitles":["getNpmPackageInfo"],"duration":2,"failureDetails":[],"failureMessages":[],"fullName":"getNpmPackageInfo should handle missing fields and provide default values","invocations":1,"location":null,"numPassingAsserts":6,"retryReasons":[],"status":"passed","title":"should handle missing fields and provide default values"},{"ancestorTitles":["getNpmPackageInfo"],"duration":0,"failureDetails":[],"failureMessages":[],"fullName":"getNpmPackageInfo should handle errors and return default package info","invocations":1,"location":null,"numPassingAsserts":3,"retryReasons":[],"status":"passed","title":"should handle errors and return default package info"}],"endTime":1727051457095,"message":"","name":"/Users/jimmyho/Desktop/Fall_2024/ECE46100/Project_Repository/ECE-461-Project-Repo/test/npmApiProcess.test.ts","startTime":1727051457018,"status":"passed","summary":""},{"assertionResults":[{"ancestorTitles":["calculateRampUpTime"],"duration":2,"failureDetails":[],"failureMessages":[],"fullName":"calculateRampUpTime should return correct score when README and install instructions exist","invocations":1,"location":null,"numPassingAsserts":4,"retryReasons":[],"status":"passed","title":"should return correct score when README and install instructions exist"},{"ancestorTitles":["calculateRampUpTime"],"duration":2,"failureDetails":[],"failureMessages":[],"fullName":"calculateRampUpTime should return 0 when no README exists","invocations":1,"location":null,"numPassingAsserts":4,"retryReasons":[],"status":"passed","title":"should return 0 when no README exists"},{"ancestorTitles":["checkReadme"],"duration":1,"failureDetails":[],"failureMessages":[],"fullName":"checkReadme should return true if README file exists","invocations":1,"location":null,"numPassingAsserts":1,"retryReasons":[],"status":"passed","title":"should return true if README file exists"},{"ancestorTitles":["checkReadme"],"duration":2,"failureDetails":[],"failureMessages":[],"fullName":"checkReadme should return false if README file does not exist","invocations":1,"location":null,"numPassingAsserts":1,"retryReasons":[],"status":"passed","title":"should return false if README file does not exist"},{"ancestorTitles":["checkInstallationInstructions"],"duration":1,"failureDetails":[],"failureMessages":[],"fullName":"checkInstallationInstructions should return true if installation instructions are found","invocations":1,"location":null,"numPassingAsserts":1,"retryReasons":[],"status":"passed","title":"should return true if installation instructions are found"},{"ancestorTitles":["checkInstallationInstructions"],"duration":1,"failureDetails":[],"failureMessages":[],"fullName":"checkInstallationInstructions should return false if no installation instructions are found","invocations":1,"location":null,"numPassingAsserts":1,"retryReasons":[],"status":"passed","title":"should return false if no installation instructions are found"},{"ancestorTitles":["calculateCodeCommentRatio"],"duration":1,"failureDetails":[],"failureMessages":[],"fullName":"calculateCodeCommentRatio should calculate the correct code-to-comment ratio for JavaScript","invocations":1,"location":null,"numPassingAsserts":1,"retryReasons":[],"status":"passed","title":"should calculate the correct code-to-comment ratio for JavaScript"},{"ancestorTitles":["calculateCodeCommentRatio"],"duration":0,"failureDetails":[],"failureMessages":[],"fullName":"calculateCodeCommentRatio should calculate the correct code-to-comment ratio for Python","invocations":1,"location":null,"numPassingAsserts":1,"retryReasons":[],"status":"passed","title":"should calculate the correct code-to-comment ratio for Python"},{"ancestorTitles":["calculateCodeCommentRatio"],"duration":1,"failureDetails":[],"failureMessages":[],"fullName":"calculateCodeCommentRatio should calculate the correct code-to-comment ratio for Python multi-line comments","invocations":1,"location":null,"numPassingAsserts":1,"retryReasons":[],"status":"passed","title":"should calculate the correct code-to-comment ratio for Python multi-line comments"},{"ancestorTitles":["calculateCodeCommentRatio"],"duration":1,"failureDetails":[],"failureMessages":[],"fullName":"calculateCodeCommentRatio should calculate the correct code-to-comment ratio for Ruby","invocations":1,"location":null,"numPassingAsserts":1,"retryReasons":[],"status":"passed","title":"should calculate the correct code-to-comment ratio for Ruby"},{"ancestorTitles":["calculateCodeCommentRatio"],"duration":1,"failureDetails":[],"failureMessages":[],"fullName":"calculateCodeCommentRatio should calculate the correct code-to-comment ratio for Ruby multi-line comments","invocations":1,"location":null,"numPassingAsserts":1,"retryReasons":[],"status":"passed","title":"should calculate the correct code-to-comment ratio for Ruby multi-line comments"},{"ancestorTitles":["calculateCodeCommentRatio"],"duration":1,"failureDetails":[],"failureMessages":[],"fullName":"calculateCodeCommentRatio should return 0 if no comments are present in code files","invocations":1,"location":null,"numPassingAsserts":1,"retryReasons":[],"status":"passed","title":"should return 0 if no comments are present in code files"},{"ancestorTitles":["calculateCodeCommentRatio"],"duration":1,"failureDetails":[],"failureMessages":[],"fullName":"calculateCodeCommentRatio should return 0 if no code files are found","invocations":1,"location":null,"numPassingAsserts":1,"retryReasons":[],"status":"passed","title":"should return 0 if no code files are found"},{"ancestorTitles":["getAllFiles"],"duration":2,"failureDetails":[],"failureMessages":[],"fullName":"getAllFiles should retrieve all files from directory recursively","invocations":1,"location":null,"numPassingAsserts":1,"retryReasons":[],"status":"passed","title":"should retrieve all files from directory recursively"},{"ancestorTitles":["getAllFiles"],"duration":1,"failureDetails":[],"failureMessages":[],"fullName":"getAllFiles should handle empty directories","invocations":1,"location":null,"numPassingAsserts":1,"retryReasons":[],"status":"passed","title":"should handle empty directories"},{"ancestorTitles":["getAllFiles"],"duration":1,"failureDetails":[],"failureMessages":[],"fullName":"getAllFiles should skip symbolic links","invocations":1,"location":null,"numPassingAsserts":1,"retryReasons":[],"status":"passed","title":"should skip symbolic links"}],"endTime":1727051457162,"message":"","name":"/Users/jimmyho/Desktop/Fall_2024/ECE46100/Project_Repository/ECE-461-Project-Repo/test/rampUpTime.test.ts","startTime":1727051457098,"status":"passed","summary":""},{"assertionResults":[{"ancestorTitles":["cloneRepo"],"duration":1,"failureDetails":[],"failureMessages":[],"fullName":"cloneRepo should clone a repository with a valid GitHub URL","invocations":1,"location":null,"numPassingAsserts":4,"retryReasons":[],"status":"passed","title":"should clone a repository with a valid GitHub URL"},{"ancestorTitles":["cloneRepo"],"duration":4,"failureDetails":[],"failureMessages":[],"fullName":"cloneRepo should throw an error with an invalid GitHub URL","invocations":1,"location":null,"numPassingAsserts":1,"retryReasons":[],"status":"passed","title":"should throw an error with an invalid GitHub URL"},{"ancestorTitles":["cloneRepo"],"duration":0,"failureDetails":[],"failureMessages":[],"fullName":"cloneRepo should throw an error with a malformed URL","invocations":1,"location":null,"numPassingAsserts":1,"retryReasons":[],"status":"passed","title":"should throw an error with a malformed URL"},{"ancestorTitles":["cloneRepo"],"duration":2,"failureDetails":[],"failureMessages":[],"fullName":"cloneRepo should not create directory if repo path already exists","invocations":1,"location":null,"numPassingAsserts":4,"retryReasons":[],"status":"passed","title":"should not create directory if repo path already exists"},{"ancestorTitles":["removeRepo"],"duration":1,"failureDetails":[],"failureMessages":[],"fullName":"removeRepo should remove the repository when the path is valid and exists","invocations":1,"location":null,"numPassingAsserts":3,"retryReasons":[],"status":"passed","title":"should remove the repository when the path is valid and exists"},{"ancestorTitles":["removeRepo"],"duration":0,"failureDetails":[],"failureMessages":[],"fullName":"removeRepo should throw an error when the repository does not exist","invocations":1,"location":null,"numPassingAsserts":2,"retryReasons":[],"status":"passed","title":"should throw an error when the repository does not exist"},{"ancestorTitles":["removeRepo"],"duration":1,"failureDetails":[],"failureMessages":[],"fullName":"removeRepo should prevent removal outside the project directory","invocations":1,"location":null,"numPassingAsserts":1,"retryReasons":[],"status":"passed","title":"should prevent removal outside the project directory"},{"ancestorTitles":["removeRepo"],"duration":0,"failureDetails":[],"failureMessages":[],"fullName":"removeRepo should prevent removal of the project directory itself","invocations":1,"location":null,"numPassingAsserts":1,"retryReasons":[],"status":"passed","title":"should prevent removal of the project directory itself"},{"ancestorTitles":["removeRepo"],"duration":1,"failureDetails":[],"failureMessages":[],"fullName":"removeRepo should handle errors during repository removal","invocations":1,"location":null,"numPassingAsserts":2,"retryReasons":[],"status":"passed","title":"should handle errors during repository removal"}],"endTime":1727051457241,"message":"","name":"/Users/jimmyho/Desktop/Fall_2024/ECE46100/Project_Repository/ECE-461-Project-Repo/test/clone_repo.test.ts","startTime":1727051457165,"status":"passed","summary":""},{"assertionResults":[{"ancestorTitles":["GitHub API Process Functions","_fetchRepoData"],"duration":1,"failureDetails":[],"failureMessages":[],"fullName":"GitHub API Process Functions _fetchRepoData should fetch repository data successfully","invocations":1,"location":null,"numPassingAsserts":2,"retryReasons":[],"status":"passed","title":"should fetch repository data successfully"},{"ancestorTitles":["GitHub API Process Functions","_fetchLicense"],"duration":0,"failureDetails":[],"failureMessages":[],"fullName":"GitHub API Process Functions _fetchLicense should fetch license information successfully","invocations":1,"location":null,"numPassingAsserts":1,"retryReasons":[],"status":"passed","title":"should fetch license information successfully"},{"ancestorTitles":["GitHub API Process Functions","_fetchLicense"],"duration":2,"failureDetails":[],"failureMessages":[],"fullName":"GitHub API Process Functions _fetchLicense should handle no license scenario","invocations":1,"location":null,"numPassingAsserts":1,"retryReasons":[],"status":"passed","title":"should handle no license scenario"},{"ancestorTitles":["GitHub API Process Functions","_fetchLatestCommits"],"duration":1,"failureDetails":[],"failureMessages":[],"fullName":"GitHub API Process Functions _fetchLatestCommits should fetch latest commits successfully","invocations":1,"location":null,"numPassingAsserts":2,"retryReasons":[],"status":"passed","title":"should fetch latest commits successfully"},{"ancestorTitles":["GitHub API Process Functions","_fetchLatestIssues"],"duration":0,"failureDetails":[],"failureMessages":[],"fullName":"GitHub API Process Functions _fetchLatestIssues should fetch latest issues successfully","invocations":1,"location":null,"numPassingAsserts":2,"retryReasons":[],"status":"passed","title":"should fetch latest issues successfully"},{"ancestorTitles":["GitHub API Process Functions","_fetchContributors"],"duration":0,"failureDetails":[],"failureMessages":[],"fullName":"GitHub API Process Functions _fetchContributors should fetch contributors successfully","invocations":1,"location":null,"numPassingAsserts":2,"retryReasons":[],"status":"passed","title":"should fetch contributors successfully"}],"endTime":1727051457292,"message":"","name":"/Users/jimmyho/Desktop/Fall_2024/ECE46100/Project_Repository/ECE-461-Project-Repo/test/apiProcess.test.ts","startTime":1727051457244,"status":"passed","summary":""},{"assertionResults":[{"ancestorTitles":["GetNetScore"],"duration":1,"failureDetails":[],"failureMessages":[],"fullName":"GetNetScore should calculate NetScore correctly","invocations":1,"location":null,"numPassingAsserts":5,"retryReasons":[],"status":"passed","title":"should calculate NetScore correctly"}],"endTime":1727051457338,"message":"","name":"/Users/jimmyho/Desktop/Fall_2024/ECE46100/Project_Repository/ECE-461-Project-Repo/test/netScore.test.ts","startTime":1727051457296,"status":"passed","summary":""},{"assertionResults":[{"ancestorTitles":["readUrlsFromFile"],"duration":1,"failureDetails":[],"failureMessages":[],"fullName":"readUrlsFromFile should read URLs from a file and return an array of URLs","invocations":1,"location":null,"numPassingAsserts":4,"retryReasons":[],"status":"passed","title":"should read URLs from a file and return an array of URLs"},{"ancestorTitles":["readUrlsFromFile"],"duration":0,"failureDetails":[],"failureMessages":[],"fullName":"readUrlsFromFile should reject the promise if there is an error reading the file","invocations":1,"location":null,"numPassingAsserts":2,"retryReasons":[],"status":"passed","title":"should reject the promise if there is an error reading the file"},{"ancestorTitles":["readUrlsFromFile"],"duration":0,"failureDetails":[],"failureMessages":[],"fullName":"readUrlsFromFile should filter out empty lines from the file content","invocations":1,"location":null,"numPassingAsserts":1,"retryReasons":[],"status":"passed","title":"should filter out empty lines from the file content"},{"ancestorTitles":["readUrlsFromFile"],"duration":1,"failureDetails":[],"failureMessages":[],"fullName":"readUrlsFromFile should return an empty array if the file contains only empty lines","invocations":1,"location":null,"numPassingAsserts":1,"retryReasons":[],"status":"passed","title":"should return an empty array if the file contains only empty lines"}],"endTime":1727051457382,"message":"","name":"/Users/jimmyho/Desktop/Fall_2024/ECE46100/Project_Repository/ECE-461-Project-Repo/test/fileUtils.test.ts","startTime":1727051457342,"status":"passed","summary":""},{"assertionResults":[{"ancestorTitles":["calculateLicenseCompatibility"],"duration":0,"failureDetails":[],"failureMessages":[],"fullName":"calculateLicenseCompatibility should return correct score for a valid license (MIT)","invocations":1,"location":null,"numPassingAsserts":3,"retryReasons":[],"status":"passed","title":"should return correct score for a valid license (MIT)"},{"ancestorTitles":["calculateLicenseCompatibility"],"duration":1,"failureDetails":[],"failureMessages":[],"fullName":"calculateLicenseCompatibility should return correct score for a valid license (Apache-2.0)","invocations":1,"location":null,"numPassingAsserts":3,"retryReasons":[],"status":"passed","title":"should return correct score for a valid license (Apache-2.0)"},{"ancestorTitles":["calculateLicenseCompatibility"],"duration":1,"failureDetails":[],"failureMessages":[],"fullName":"calculateLicenseCompatibility should return 0 for an invalid or unknown license","invocations":1,"location":null,"numPassingAsserts":3,"retryReasons":[],"status":"passed","title":"should return 0 for an invalid or unknown license"}],"endTime":1727051457424,"message":"","name":"/Users/jimmyho/Desktop/Fall_2024/ECE46100/Project_Repository/ECE-461-Project-Repo/test/licenseCompatibility.test.ts","startTime":1727051457384,"status":"passed","summary":""},{"assertionResults":[{"ancestorTitles":["calculateResponsiveness"],"duration":0,"failureDetails":[],"failureMessages":[],"fullName":"calculateResponsiveness should return 0 when there are no commits and no issues","invocations":1,"location":null,"numPassingAsserts":1,"retryReasons":[],"status":"passed","title":"should return 0 when there are no commits and no issues"},{"ancestorTitles":["calculateResponsiveness"],"duration":1,"failureDetails":[],"failureMessages":[],"fullName":"calculateResponsiveness should calculate commit frequency ratio correctly","invocations":1,"location":null,"numPassingAsserts":2,"retryReasons":[],"status":"passed","title":"should calculate commit frequency ratio correctly"},{"ancestorTitles":["calculateResponsiveness"],"duration":0,"failureDetails":[],"failureMessages":[],"fullName":"calculateResponsiveness should handle mixed data correctly","invocations":1,"location":null,"numPassingAsserts":2,"retryReasons":[],"status":"passed","title":"should handle mixed data correctly"},{"ancestorTitles":["calculateResponsiveness"],"duration":0,"failureDetails":[],"failureMessages":[],"fullName":"calculateResponsiveness should return a value between 0 and 1","invocations":1,"location":null,"numPassingAsserts":2,"retryReasons":[],"status":"passed","title":"should return a value between 0 and 1"},{"ancestorTitles":["calculateResponsiveness"],"duration":1,"failureDetails":[],"failureMessages":[],"fullName":"calculateResponsiveness should return a value of 1 when all issues opened and closed yesterday","invocations":1,"location":null,"numPassingAsserts":1,"retryReasons":[],"status":"passed","title":"should return a value of 1 when all issues opened and closed yesterday"},{"ancestorTitles":["calculateResponsiveness"],"duration":0,"failureDetails":[],"failureMessages":[],"fullName":"calculateResponsiveness should return a value 0-1 for commits and issues 6 months ago","invocations":1,"location":null,"numPassingAsserts":2,"retryReasons":[],"status":"passed","title":"should return a value 0-1 for commits and issues 6 months ago"}],"endTime":1727051457472,"message":"","name":"/Users/jimmyho/Desktop/Fall_2024/ECE46100/Project_Repository/ECE-461-Project-Repo/test/responsiveness.test.ts","startTime":1727051457426,"status":"passed","summary":""},{"assertionResults":[{"ancestorTitles":["calculateBusFactor"],"duration":2,"failureDetails":[],"failureMessages":[],"fullName":"calculateBusFactor should calculate bus factor for multiple contributors","invocations":1,"location":null,"numPassingAsserts":2,"retryReasons":[],"status":"passed","title":"should calculate bus factor for multiple contributors"},{"ancestorTitles":["calculateBusFactor"],"duration":0,"failureDetails":[],"failureMessages":[],"fullName":"calculateBusFactor should handle no contributors","invocations":1,"location":null,"numPassingAsserts":1,"retryReasons":[],"status":"passed","title":"should handle no contributors"},{"ancestorTitles":["calculateBusFactor"],"duration":0,"failureDetails":[],"failureMessages":[],"fullName":"calculateBusFactor should handle one contributor","invocations":1,"location":null,"numPassingAsserts":1,"retryReasons":[],"status":"passed","title":"should handle one contributor"},{"ancestorTitles":["calculateBusFactor"],"duration":1,"failureDetails":[],"failureMessages":[],"fullName":"calculateBusFactor should handle one contributor but no commits","invocations":1,"location":null,"numPassingAsserts":1,"retryReasons":[],"status":"passed","title":"should handle one contributor but no commits"}],"endTime":1727051457515,"message":"","name":"/Users/jimmyho/Desktop/Fall_2024/ECE46100/Project_Repository/ECE-461-Project-Repo/test/busFactor.test.ts","startTime":1727051457474,"status":"passed","summary":""}],"wasInterrupted":false,"coverageMap":{"/Users/jimmyho/Desktop/Fall_2024/ECE46100/Project_Repository/ECE-461-Project-Repo/src/apiProcess/gitApiProcess.ts":{"path":"/Users/jimmyho/Desktop/Fall_2024/ECE46100/Project_Repository/ECE-461-Project-Repo/src/apiProcess/gitApiProcess.ts","statementMap":{"0":{"start":{"line":462,"column":2},"end":{"line":462,"column":15}},"1":{"start":{"line":463,"column":2},"end":{"line":463,"column":16}},"2":{"start":{"line":464,"column":2},"end":{"line":464,"column":15}},"3":{"start":{"line":465,"column":2},"end":{"line":465,"column":21}},"4":{"start":{"line":466,"column":2},"end":{"line":466,"column":20}},"5":{"start":{"line":467,"column":2},"end":{"line":467,"column":20}},"6":{"start":{"line":468,"column":2},"end":{"line":468,"column":14}},"7":{"start":{"line":2,"column":0},"end":{"line":2,"column":33}},"8":{"start":{"line":3,"column":0},"end":{"line":3,"column":16}},"9":{"start":{"line":4,"column":0},"end":{"line":4,"column":35}},"10":{"start":{"line":5,"column":0},"end":{"line":5,"column":32}},"11":{"start":{"line":6,"column":0},"end":{"line":6,"column":36}},"12":{"start":{"line":9,"column":23},"end":{"line":9,"column":53}},"13":{"start":{"line":12,"column":0},"end":{"line":15,"column":1}},"14":{"start":{"line":13,"column":2},"end":{"line":13,"column":61}},"15":{"start":{"line":14,"column":2},"end":{"line":14,"column":18}},"16":{"start":{"line":18,"column":16},"end":{"line":22,"column":2}},"17":{"start":{"line":39,"column":46},"end":{"line":73,"column":2}},"18":{"start":{"line":86,"column":2},"end":{"line":86,"column":58}},"19":{"start":{"line":88,"column":2},"end":{"line":90,"column":4}},"20":{"start":{"line":92,"column":19},"end":{"line":92,"column":76}},"21":{"start":{"line":92,"column":48},"end":{"line":92,"column":75}},"22":{"start":{"line":93,"column":2},"end":{"line":93,"column":80}},"23":{"start":{"line":95,"column":2},"end":{"line":97,"column":4}},"24":{"start":{"line":99,"column":18},"end":{"line":100,"column":null}},"25":{"start":{"line":100,"column":4},"end":{"line":100,"column":40}},"26":{"start":{"line":102,"column":2},"end":{"line":104,"column":4}},"27":{"start":{"line":107,"column":22},"end":{"line":107,"column":32}},"28":{"start":{"line":108,"column":26},"end":{"line":108,"column":36}},"29":{"start":{"line":109,"column":2},"end":{"line":109,"column":56}},"30":{"start":{"line":110,"column":20},"end":{"line":110,"column":35}},"31":{"start":{"line":112,"column":2},"end":{"line":112,"column":77}},"32":{"start":{"line":114,"column":26},"end":{"line":114,"column":28}},"33":{"start":{"line":115,"column":2},"end":{"line":127,"column":3}},"34":{"start":{"line":115,"column":18},"end":{"line":115,"column":19}},"35":{"start":{"line":117,"column":6},"end":{"line":119,"column":14}},"36":{"start":{"line":118,"column":8},"end":{"line":118,"column":62}},"37":{"start":{"line":120,"column":4},"end":{"line":120,"column":44}},"38":{"start":{"line":121,"column":4},"end":{"line":126,"column":5}},"39":{"start":{"line":125,"column":6},"end":{"line":125,"column":12}},"40":{"start":{"line":128,"column":2},"end":{"line":128,"column":76}},"41":{"start":{"line":130,"column":2},"end":{"line":130,"column":76}},"42":{"start":{"line":132,"column":25},"end":{"line":132,"column":27}},"43":{"start":{"line":133,"column":2},"end":{"line":145,"column":3}},"44":{"start":{"line":133,"column":18},"end":{"line":133,"column":19}},"45":{"start":{"line":135,"column":6},"end":{"line":137,"column":14}},"46":{"start":{"line":136,"column":8},"end":{"line":136,"column":61}},"47":{"start":{"line":138,"column":4},"end":{"line":138,"column":41}},"48":{"start":{"line":139,"column":4},"end":{"line":144,"column":5}},"49":{"start":{"line":143,"column":6},"end":{"line":143,"column":12}},"50":{"start":{"line":146,"column":2},"end":{"line":146,"column":75}},"51":{"start":{"line":148,"column":2},"end":{"line":148,"column":75}},"52":{"start":{"line":150,"column":27},"end":{"line":151,"column":null}},"53":{"start":{"line":151,"column":4},"end":{"line":151,"column":35}},"54":{"start":{"line":153,"column":2},"end":{"line":153,"column":74}},"55":{"start":{"line":156,"column":35},"end":{"line":167,"column":4}},"56":{"start":{"line":168,"column":2},"end":{"line":168,"column":69}},"57":{"start":{"line":170,"column":2},"end":{"line":170,"column":57}},"58":{"start":{"line":171,"column":2},"end":{"line":171,"column":21}},"59":{"start":{"line":182,"column":2},"end":{"line":192,"column":3}},"60":{"start":{"line":183,"column":16},"end":{"line":183,"column":52}},"61":{"start":{"line":184,"column":21},"end":{"line":188,"column":6}},"62":{"start":{"line":189,"column":4},"end":{"line":189,"column":25}},"63":{"start":{"line":191,"column":4},"end":{"line":191,"column":80}},"64":{"start":{"line":208,"column":16},"end":{"line":208,"column":54}},"65":{"start":{"line":211,"column":2},"end":{"line":246,"column":3}},"66":{"start":{"line":212,"column":4},"end":{"line":245,"column":5}},"67":{"start":{"line":213,"column":37},"end":{"line":215,"column":null}},"68":{"start":{"line":217,"column":6},"end":{"line":242,"column":7}},"69":{"start":{"line":218,"column":8},"end":{"line":218,"column":41}},"70":{"start":{"line":221,"column":26},"end":{"line":221,"column":69}},"71":{"start":{"line":222,"column":31},"end":{"line":226,"column":10}},"72":{"start":{"line":228,"column":8},"end":{"line":241,"column":9}},"73":{"start":{"line":229,"column":32},"end":{"line":232,"column":29}},"74":{"start":{"line":233,"column":36},"end":{"line":233,"column":76}},"75":{"start":{"line":234,"column":10},"end":{"line":236,"column":11}},"76":{"start":{"line":235,"column":12},"end":{"line":235,"column":40}},"77":{"start":{"line":238,"column":10},"end":{"line":240,"column":12}},"78":{"start":{"line":244,"column":6},"end":{"line":244,"column":74}},"79":{"start":{"line":248,"column":2},"end":{"line":248,"column":17}},"80":{"start":{"line":268,"column":23},"end":{"line":268,"column":25}},"81":{"start":{"line":270,"column":2},"end":{"line":288,"column":3}},"82":{"start":{"line":272,"column":28},"end":{"line":283,"column":null}},"83":{"start":{"line":285,"column":4},"end":{"line":285,"column":35}},"84":{"start":{"line":287,"column":4},"end":{"line":287,"column":72}},"85":{"start":{"line":290,"column":2},"end":{"line":290,"column":17}},"86":{"start":{"line":310,"column":2},"end":{"line":328,"column":3}},"87":{"start":{"line":311,"column":27},"end":{"line":323,"column":null}},"88":{"start":{"line":325,"column":4},"end":{"line":325,"column":31}},"89":{"start":{"line":327,"column":4},"end":{"line":327,"column":71}},"90":{"start":{"line":339,"column":2},"end":{"line":349,"column":3}},"91":{"start":{"line":340,"column":28},"end":{"line":340,"column":83}},"92":{"start":{"line":341,"column":29},"end":{"line":345,"column":6}},"93":{"start":{"line":346,"column":4},"end":{"line":346,"column":28}},"94":{"start":{"line":348,"column":4},"end":{"line":348,"column":77}},"95":{"start":{"line":360,"column":23},"end":{"line":364,"column":null}},"96":{"start":{"line":362,"column":24},"end":{"line":362,"column":42}},"97":{"start":{"line":367,"column":16},"end":{"line":367,"column":49}},"98":{"start":{"line":368,"column":2},"end":{"line":370,"column":3}},"99":{"start":{"line":369,"column":4},"end":{"line":369,"column":40}},"100":{"start":{"line":372,"column":2},"end":{"line":372,"column":14}},"101":{"start":{"line":386,"column":2},"end":{"line":409,"column":3}},"102":{"start":{"line":387,"column":27},"end":{"line":387,"column":85}},"103":{"start":{"line":388,"column":28},"end":{"line":392,"column":6}},"104":{"start":{"line":395,"column":4},"end":{"line":404,"column":5}},"105":{"start":{"line":396,"column":29},"end":{"line":399,"column":25}},"106":{"start":{"line":400,"column":26},"end":{"line":400,"column":52}},"107":{"start":{"line":403,"column":6},"end":{"line":403,"column":41}},"108":{"start":{"line":405,"column":4},"end":{"line":405,"column":16}},"109":{"start":{"line":407,"column":4},"end":{"line":407,"column":75}},"110":{"start":{"line":408,"column":4},"end":{"line":408,"column":16}},"111":{"start":{"line":419,"column":2},"end":{"line":419,"column":51}},"112":{"start":{"line":420,"column":2},"end":{"line":420,"column":34}},"113":{"start":{"line":421,"column":2},"end":{"line":454,"column":3}},"114":{"start":{"line":422,"column":4},"end":{"line":450,"column":5}},"115":{"start":{"line":423,"column":21},"end":{"line":423,"column":42}},"116":{"start":{"line":424,"column":6},"end":{"line":443,"column":7}},"117":{"start":{"line":428,"column":8},"end":{"line":428,"column":53}},"118":{"start":{"line":429,"column":13},"end":{"line":443,"column":7}},"119":{"start":{"line":430,"column":8},"end":{"line":430,"column":79}},"120":{"start":{"line":431,"column":13},"end":{"line":443,"column":7}},"121":{"start":{"line":432,"column":8},"end":{"line":434,"column":10}},"122":{"start":{"line":435,"column":13},"end":{"line":443,"column":7}},"123":{"start":{"line":436,"column":8},"end":{"line":436,"column":56}},"124":{"start":{"line":437,"column":13},"end":{"line":443,"column":7}},"125":{"start":{"line":438,"column":8},"end":{"line":438,"column":80}},"126":{"start":{"line":439,"column":13},"end":{"line":443,"column":7}},"127":{"start":{"line":440,"column":8},"end":{"line":440,"column":80}},"128":{"start":{"line":442,"column":8},"end":{"line":442,"column":78}},"129":{"start":{"line":444,"column":11},"end":{"line":450,"column":5}},"130":{"start":{"line":446,"column":6},"end":{"line":446,"column":60}},"131":{"start":{"line":449,"column":6},"end":{"line":449,"column":62}},"132":{"start":{"line":453,"column":4},"end":{"line":453,"column":46}},"133":{"start":{"line":456,"column":2},"end":{"line":456,"column":37}},"134":{"start":{"line":457,"column":2},"end":{"line":457,"column":40}},"135":{"start":{"line":458,"column":2},"end":{"line":458,"column":18}}},"fnMap":{"0":{"name":"getGithubInfo","decl":{"start":{"line":82,"column":15},"end":{"line":82,"column":28}},"loc":{"start":{"line":84,"column":14},"end":{"line":172,"column":1}}},"1":{"name":"(anonymous_8)","decl":{"start":{"line":92,"column":42},"end":{"line":92,"column":45}},"loc":{"start":{"line":92,"column":48},"end":{"line":92,"column":75}}},"2":{"name":"(anonymous_9)","decl":{"start":{"line":99,"column":41},"end":{"line":99,"column":44}},"loc":{"start":{"line":100,"column":4},"end":{"line":100,"column":40}}},"3":{"name":"(anonymous_10)","decl":{"start":{"line":117,"column":30},"end":{"line":117,"column":33}},"loc":{"start":{"line":118,"column":8},"end":{"line":118,"column":62}}},"4":{"name":"(anonymous_11)","decl":{"start":{"line":135,"column":30},"end":{"line":135,"column":33}},"loc":{"start":{"line":136,"column":8},"end":{"line":136,"column":61}}},"5":{"name":"(anonymous_12)","decl":{"start":{"line":150,"column":50},"end":{"line":150,"column":53}},"loc":{"start":{"line":151,"column":4},"end":{"line":151,"column":35}}},"6":{"name":"_fetchRepoData","decl":{"start":{"line":181,"column":15},"end":{"line":181,"column":29}},"loc":{"start":{"line":181,"column":57},"end":{"line":193,"column":1}}},"7":{"name":"_fetchLicense","decl":{"start":{"line":203,"column":15},"end":{"line":203,"column":28}},"loc":{"start":{"line":206,"column":14},"end":{"line":249,"column":1}}},"8":{"name":"_fetchLatestCommits","decl":{"start":{"line":261,"column":15},"end":{"line":261,"column":34}},"loc":{"start":{"line":266,"column":14},"end":{"line":291,"column":1}}},"9":{"name":"_fetchLatestIssues","decl":{"start":{"line":303,"column":15},"end":{"line":303,"column":33}},"loc":{"start":{"line":308,"column":17},"end":{"line":329,"column":1}}},"10":{"name":"_fetchContributors","decl":{"start":{"line":338,"column":15},"end":{"line":338,"column":33}},"loc":{"start":{"line":338,"column":61},"end":{"line":350,"column":1}}},"11":{"name":"_extractLicenseFromReadme","decl":{"start":{"line":358,"column":9},"end":{"line":358,"column":34}},"loc":{"start":{"line":358,"column":56},"end":{"line":373,"column":1}}},"12":{"name":"(anonymous_19)","decl":{"start":{"line":362,"column":11},"end":{"line":362,"column":12}},"loc":{"start":{"line":362,"column":24},"end":{"line":362,"column":42}}},"13":{"name":"_getLicenseFromPackageJson","decl":{"start":{"line":382,"column":15},"end":{"line":382,"column":41}},"loc":{"start":{"line":384,"column":14},"end":{"line":410,"column":1}}},"14":{"name":"_handleError","decl":{"start":{"line":418,"column":9},"end":{"line":418,"column":21}},"loc":{"start":{"line":418,"column":49},"end":{"line":459,"column":1}}}},"branchMap":{"0":{"loc":{"start":{"line":12,"column":0},"end":{"line":15,"column":1}},"type":"if","locations":[{"start":{"line":12,"column":0},"end":{"line":15,"column":1}}]},"1":{"loc":{"start":{"line":117,"column":6},"end":{"line":119,"column":14}},"type":"binary-expr","locations":[{"start":{"line":117,"column":7},"end":{"line":118,"column":null}},{"start":{"line":119,"column":12},"end":{"line":119,"column":14}}]},"2":{"loc":{"start":{"line":121,"column":4},"end":{"line":126,"column":5}},"type":"if","locations":[{"start":{"line":121,"column":4},"end":{"line":126,"column":5}}]},"3":{"loc":{"start":{"line":122,"column":6},"end":{"line":123,"column":74}},"type":"binary-expr","locations":[{"start":{"line":122,"column":6},"end":{"line":122,"column":26}},{"start":{"line":123,"column":6},"end":{"line":123,"column":74}}]},"4":{"loc":{"start":{"line":135,"column":6},"end":{"line":137,"column":14}},"type":"binary-expr","locations":[{"start":{"line":135,"column":7},"end":{"line":136,"column":null}},{"start":{"line":137,"column":12},"end":{"line":137,"column":14}}]},"5":{"loc":{"start":{"line":139,"column":4},"end":{"line":144,"column":5}},"type":"if","locations":[{"start":{"line":139,"column":4},"end":{"line":144,"column":5}}]},"6":{"loc":{"start":{"line":140,"column":6},"end":{"line":141,"column":63}},"type":"binary-expr","locations":[{"start":{"line":140,"column":6},"end":{"line":140,"column":25}},{"start":{"line":141,"column":6},"end":{"line":141,"column":63}}]},"7":{"loc":{"start":{"line":208,"column":16},"end":{"line":208,"column":54}},"type":"binary-expr","locations":[{"start":{"line":208,"column":16},"end":{"line":208,"column":38}},{"start":{"line":208,"column":42},"end":{"line":208,"column":54}}]},"8":{"loc":{"start":{"line":211,"column":2},"end":{"line":246,"column":3}},"type":"if","locations":[{"start":{"line":211,"column":2},"end":{"line":246,"column":3}}]},"9":{"loc":{"start":{"line":211,"column":6},"end":{"line":211,"column":53}},"type":"binary-expr","locations":[{"start":{"line":211,"column":6},"end":{"line":211,"column":30}},{"start":{"line":211,"column":34},"end":{"line":211,"column":53}}]},"10":{"loc":{"start":{"line":217,"column":6},"end":{"line":242,"column":7}},"type":"if","locations":[{"start":{"line":217,"column":6},"end":{"line":242,"column":7}},{"start":{"line":219,"column":13},"end":{"line":242,"column":7}}]},"11":{"loc":{"start":{"line":228,"column":8},"end":{"line":241,"column":9}},"type":"if","locations":[{"start":{"line":228,"column":8},"end":{"line":241,"column":9}},{"start":{"line":237,"column":15},"end":{"line":241,"column":9}}]},"12":{"loc":{"start":{"line":234,"column":10},"end":{"line":236,"column":11}},"type":"if","locations":[{"start":{"line":234,"column":10},"end":{"line":236,"column":11}}]},"13":{"loc":{"start":{"line":265,"column":2},"end":{"line":265,"column":23}},"type":"default-arg","locations":[{"start":{"line":265,"column":20},"end":{"line":265,"column":23}}]},"14":{"loc":{"start":{"line":368,"column":2},"end":{"line":370,"column":3}},"type":"if","locations":[{"start":{"line":368,"column":2},"end":{"line":370,"column":3}}]},"15":{"loc":{"start":{"line":369,"column":11},"end":{"line":369,"column":39}},"type":"binary-expr","locations":[{"start":{"line":369,"column":11},"end":{"line":369,"column":31}},{"start":{"line":369,"column":35},"end":{"line":369,"column":39}}]},"16":{"loc":{"start":{"line":395,"column":4},"end":{"line":404,"column":5}},"type":"if","locations":[{"start":{"line":395,"column":4},"end":{"line":404,"column":5}}]},"17":{"loc":{"start":{"line":403,"column":13},"end":{"line":403,"column":40}},"type":"binary-expr","locations":[{"start":{"line":403,"column":13},"end":{"line":403,"column":32}},{"start":{"line":403,"column":36},"end":{"line":403,"column":40}}]},"18":{"loc":{"start":{"line":421,"column":2},"end":{"line":454,"column":3}},"type":"if","locations":[{"start":{"line":421,"column":2},"end":{"line":454,"column":3}},{"start":{"line":451,"column":9},"end":{"line":454,"column":3}}]},"19":{"loc":{"start":{"line":422,"column":4},"end":{"line":450,"column":5}},"type":"if","locations":[{"start":{"line":422,"column":4},"end":{"line":450,"column":5}},{"start":{"line":444,"column":11},"end":{"line":450,"column":5}}]},"20":{"loc":{"start":{"line":424,"column":6},"end":{"line":443,"column":7}},"type":"if","locations":[{"start":{"line":424,"column":6},"end":{"line":443,"column":7}},{"start":{"line":429,"column":13},"end":{"line":443,"column":7}}]},"21":{"loc":{"start":{"line":425,"column":8},"end":{"line":426,"column":63}},"type":"binary-expr","locations":[{"start":{"line":425,"column":9},"end":{"line":425,"column":22}},{"start":{"line":425,"column":26},"end":{"line":425,"column":39}},{"start":{"line":426,"column":8},"end":{"line":426,"column":63}}]},"22":{"loc":{"start":{"line":429,"column":13},"end":{"line":443,"column":7}},"type":"if","locations":[{"start":{"line":429,"column":13},"end":{"line":443,"column":7}},{"start":{"line":431,"column":13},"end":{"line":443,"column":7}}]},"23":{"loc":{"start":{"line":431,"column":13},"end":{"line":443,"column":7}},"type":"if","locations":[{"start":{"line":431,"column":13},"end":{"line":443,"column":7}},{"start":{"line":435,"column":13},"end":{"line":443,"column":7}}]},"24":{"loc":{"start":{"line":435,"column":13},"end":{"line":443,"column":7}},"type":"if","locations":[{"start":{"line":435,"column":13},"end":{"line":443,"column":7}},{"start":{"line":437,"column":13},"end":{"line":443,"column":7}}]},"25":{"loc":{"start":{"line":437,"column":13},"end":{"line":443,"column":7}},"type":"if","locations":[{"start":{"line":437,"column":13},"end":{"line":443,"column":7}},{"start":{"line":439,"column":13},"end":{"line":443,"column":7}}]},"26":{"loc":{"start":{"line":437,"column":17},"end":{"line":437,"column":46}},"type":"binary-expr","locations":[{"start":{"line":437,"column":17},"end":{"line":437,"column":30}},{"start":{"line":437,"column":34},"end":{"line":437,"column":46}}]},"27":{"loc":{"start":{"line":439,"column":13},"end":{"line":443,"column":7}},"type":"if","locations":[{"start":{"line":439,"column":13},"end":{"line":443,"column":7}},{"start":{"line":441,"column":13},"end":{"line":443,"column":7}}]},"28":{"loc":{"start":{"line":439,"column":17},"end":{"line":439,"column":46}},"type":"binary-expr","locations":[{"start":{"line":439,"column":17},"end":{"line":439,"column":30}},{"start":{"line":439,"column":34},"end":{"line":439,"column":46}}]},"29":{"loc":{"start":{"line":444,"column":11},"end":{"line":450,"column":5}},"type":"if","locations":[{"start":{"line":444,"column":11},"end":{"line":450,"column":5}},{"start":{"line":447,"column":11},"end":{"line":450,"column":5}}]}},"s":{"0":3,"1":3,"2":3,"3":3,"4":3,"5":3,"6":3,"7":3,"8":3,"9":3,"10":3,"11":3,"12":3,"13":3,"14":0,"15":0,"16":3,"17":3,"18":0,"19":0,"20":0,"21":0,"22":0,"23":0,"24":0,"25":0,"26":0,"27":0,"28":0,"29":0,"30":0,"31":0,"32":0,"33":0,"34":0,"35":0,"36":0,"37":0,"38":0,"39":0,"40":0,"41":0,"42":0,"43":0,"44":0,"45":0,"46":0,"47":0,"48":0,"49":0,"50":0,"51":0,"52":0,"53":0,"54":0,"55":0,"56":0,"57":0,"58":0,"59":1,"60":1,"61":1,"62":1,"63":0,"64":2,"65":2,"66":1,"67":1,"68":1,"69":0,"70":1,"71":1,"72":1,"73":1,"74":1,"75":1,"76":1,"77":0,"78":0,"79":2,"80":1,"81":1,"82":1,"83":1,"84":0,"85":1,"86":1,"87":1,"88":1,"89":0,"90":1,"91":1,"92":1,"93":1,"94":0,"95":1,"96":33,"97":1,"98":1,"99":1,"100":0,"101":1,"102":1,"103":1,"104":1,"105":1,"106":1,"107":0,"108":0,"109":1,"110":1,"111":6,"112":6,"113":6,"114":5,"115":5,"116":5,"117":1,"118":4,"119":1,"120":3,"121":0,"122":3,"123":1,"124":2,"125":1,"126":1,"127":1,"128":0,"129":0,"130":0,"131":0,"132":1,"133":6,"134":6,"135":6},"f":{"0":0,"1":0,"2":0,"3":0,"4":0,"5":0,"6":1,"7":2,"8":1,"9":1,"10":1,"11":1,"12":33,"13":1,"14":6},"b":{"0":[0],"1":[0,0],"2":[0],"3":[0,0],"4":[0,0],"5":[0],"6":[0,0],"7":[2,1],"8":[1],"9":[2,1],"10":[0,1],"11":[1,0],"12":[1],"13":[0],"14":[1],"15":[1,0],"16":[1],"17":[0,0],"18":[5,1],"19":[5,0],"20":[1,4],"21":[5,4,1],"22":[1,3],"23":[0,3],"24":[1,2],"25":[1,1],"26":[2,2],"27":[1,0],"28":[1,1],"29":[0,0]}},"/Users/jimmyho/Desktop/Fall_2024/ECE46100/Project_Repository/ECE-461-Project-Repo/src/logger.ts":{"path":"/Users/jimmyho/Desktop/Fall_2024/ECE46100/Project_Repository/ECE-461-Project-Repo/src/logger.ts","statementMap":{"0":{"start":{"line":1,"column":0},"end":{"line":1,"column":33}},"1":{"start":{"line":2,"column":0},"end":{"line":2,"column":16}},"2":{"start":{"line":3,"column":0},"end":{"line":3,"column":31}},"3":{"start":{"line":4,"column":0},"end":{"line":4,"column":72}},"4":{"start":{"line":6,"column":19},"end":{"line":10,"column":2}},"5":{"start":{"line":12,"column":20},"end":{"line":12,"column":52}},"6":{"start":{"line":15,"column":2},"end":{"line":18,"column":3}},"7":{"start":{"line":16,"column":4},"end":{"line":16,"column":59}},"8":{"start":{"line":17,"column":4},"end":{"line":17,"column":20}},"9":{"start":{"line":22,"column":2},"end":{"line":31,"column":3}},"10":{"start":{"line":24,"column":6},"end":{"line":24,"column":32}},"11":{"start":{"line":25,"column":6},"end":{"line":25,"column":12}},"12":{"start":{"line":27,"column":6},"end":{"line":27,"column":32}},"13":{"start":{"line":28,"column":6},"end":{"line":28,"column":12}},"14":{"start":{"line":30,"column":6},"end":{"line":30,"column":32}},"15":{"start":{"line":34,"column":0},"end":{"line":34,"column":19}},"16":{"start":{"line":36,"column":13},"end":{"line":39,"column":3}},"17":{"start":{"line":42,"column":0},"end":{"line":42,"column":29}},"18":{"start":{"line":44,"column":0},"end":{"line":44,"column":14}},"19":{"start":{"line":46,"column":0},"end":{"line":52,"column":3}},"20":{"start":{"line":47,"column":2},"end":{"line":50,"column":3}},"21":{"start":{"line":48,"column":4},"end":{"line":48,"column":59}},"22":{"start":{"line":49,"column":4},"end":{"line":49,"column":20}},"23":{"start":{"line":51,"column":2},"end":{"line":51,"column":61}}},"fnMap":{"0":{"name":"checkLogFilePath","decl":{"start":{"line":14,"column":9},"end":{"line":14,"column":25}},"loc":{"start":{"line":14,"column":25},"end":{"line":19,"column":1}}},"1":{"name":"setLogLevel","decl":{"start":{"line":21,"column":9},"end":{"line":21,"column":20}},"loc":{"start":{"line":21,"column":20},"end":{"line":32,"column":1}}},"2":{"name":"(anonymous_8)","decl":{"start":{"line":46,"column":20},"end":{"line":46,"column":21}},"loc":{"start":{"line":46,"column":31},"end":{"line":52,"column":1}}}},"branchMap":{"0":{"loc":{"start":{"line":15,"column":2},"end":{"line":18,"column":3}},"type":"if","locations":[{"start":{"line":15,"column":2},"end":{"line":18,"column":3}}]},"1":{"loc":{"start":{"line":15,"column":6},"end":{"line":15,"column":46}},"type":"binary-expr","locations":[{"start":{"line":15,"column":6},"end":{"line":15,"column":18}},{"start":{"line":15,"column":22},"end":{"line":15,"column":46}}]},"2":{"loc":{"start":{"line":22,"column":2},"end":{"line":31,"column":3}},"type":"switch","locations":[{"start":{"line":23,"column":4},"end":{"line":25,"column":12}},{"start":{"line":26,"column":4},"end":{"line":28,"column":12}},{"start":{"line":29,"column":4},"end":{"line":30,"column":32}}]},"3":{"loc":{"start":{"line":47,"column":2},"end":{"line":50,"column":3}},"type":"if","locations":[{"start":{"line":47,"column":2},"end":{"line":50,"column":3}}]}},"s":{"0":5,"1":5,"2":5,"3":5,"4":5,"5":5,"6":5,"7":2,"8":2,"9":3,"10":0,"11":0,"12":0,"13":0,"14":3,"15":5,"16":3,"17":3,"18":3,"19":3,"20":0,"21":0,"22":0,"23":0},"f":{"0":5,"1":3,"2":0},"b":{"0":[2],"1":[5,4],"2":[0,0,3],"3":[0]}},"/Users/jimmyho/Desktop/Fall_2024/ECE46100/Project_Repository/ECE-461-Project-Repo/src/cli.ts":{"path":"/Users/jimmyho/Desktop/Fall_2024/ECE46100/Project_Repository/ECE-461-Project-Repo/src/cli.ts","statementMap":{"0":{"start":{"line":15,"column":0},"end":{"line":15,"column":7}},"1":{"start":{"line":1,"column":0},"end":{"line":1,"column":60}},"2":{"start":{"line":2,"column":0},"end":{"line":2,"column":53}},"3":{"start":{"line":3,"column":0},"end":{"line":3,"column":49}},"4":{"start":{"line":4,"column":0},"end":{"line":4,"column":31}},"5":{"start":{"line":17,"column":15},"end":{"line":17,"column":36}},"6":{"start":{"line":20,"column":2},"end":{"line":23,"column":3}},"7":{"start":{"line":21,"column":4},"end":{"line":21,"column":40}},"8":{"start":{"line":22,"column":4},"end":{"line":22,"column":20}},"9":{"start":{"line":26,"column":19},"end":{"line":26,"column":26}},"10":{"start":{"line":27,"column":2},"end":{"line":61,"column":3}},"11":{"start":{"line":29,"column":4},"end":{"line":29,"column":52}},"12":{"start":{"line":30,"column":17},"end":{"line":30,"column":49}},"13":{"start":{"line":33,"column":20},"end":{"line":33,"column":22}},"14":{"start":{"line":36,"column":4},"end":{"line":56,"column":5}},"15":{"start":{"line":37,"column":6},"end":{"line":37,"column":41}},"16":{"start":{"line":40,"column":22},"end":{"line":40,"column":39}},"17":{"start":{"line":41,"column":21},"end":{"line":41,"column":31}},"18":{"start":{"line":43,"column":6},"end":{"line":55,"column":7}},"19":{"start":{"line":45,"column":32},"end":{"line":45,"column":65}},"20":{"start":{"line":48,"column":24},"end":{"line":48,"column":59}},"21":{"start":{"line":50,"column":8},"end":{"line":50,"column":54}},"22":{"start":{"line":53,"column":8},"end":{"line":53,"column":57}},"23":{"start":{"line":54,"column":8},"end":{"line":54,"column":24}},"24":{"start":{"line":59,"column":4},"end":{"line":59,"column":66}},"25":{"start":{"line":60,"column":4},"end":{"line":60,"column":20}}},"fnMap":{"0":{"name":"cli","decl":{"start":{"line":15,"column":22},"end":{"line":15,"column":25}},"loc":{"start":{"line":15,"column":25},"end":{"line":62,"column":1}}}},"branchMap":{"0":{"loc":{"start":{"line":20,"column":2},"end":{"line":23,"column":3}},"type":"if","locations":[{"start":{"line":20,"column":2},"end":{"line":23,"column":3}}]}},"s":{"0":1,"1":1,"2":1,"3":1,"4":1,"5":4,"6":4,"7":1,"8":1,"9":4,"10":4,"11":4,"12":4,"13":3,"14":3,"15":2,"16":2,"17":2,"18":2,"19":2,"20":1,"21":1,"22":1,"23":1,"24":2,"25":2},"f":{"0":4},"b":{"0":[1]}},"/Users/jimmyho/Desktop/Fall_2024/ECE46100/Project_Repository/ECE-461-Project-Repo/src/utils/urlUtils.ts":{"path":"/Users/jimmyho/Desktop/Fall_2024/ECE46100/Project_Repository/ECE-461-Project-Repo/src/utils/urlUtils.ts","statementMap":{"0":{"start":{"line":24,"column":0},"end":{"line":24,"column":16}},"1":{"start":{"line":49,"column":0},"end":{"line":49,"column":16}},"2":{"start":{"line":77,"column":0},"end":{"line":77,"column":16}},"3":{"start":{"line":102,"column":0},"end":{"line":102,"column":16}},"4":{"start":{"line":138,"column":0},"end":{"line":138,"column":7}},"5":{"start":{"line":1,"column":0},"end":{"line":1,"column":70}},"6":{"start":{"line":2,"column":0},"end":{"line":2,"column":32}},"7":{"start":{"line":5,"column":0},"end":{"line":5,"column":null}},"8":{"start":{"line":6,"column":2},"end":{"line":6,"column":null}},"9":{"start":{"line":7,"column":2},"end":{"line":7,"column":null}},"10":{"start":{"line":8,"column":2},"end":{"line":8,"column":null}},"11":{"start":{"line":25,"column":2},"end":{"line":25,"column":44}},"12":{"start":{"line":27,"column":24},"end":{"line":27,"column":76}},"13":{"start":{"line":28,"column":21},"end":{"line":28,"column":73}},"14":{"start":{"line":30,"column":2},"end":{"line":39,"column":3}},"15":{"start":{"line":31,"column":4},"end":{"line":31,"column":46}},"16":{"start":{"line":32,"column":4},"end":{"line":32,"column":26}},"17":{"start":{"line":33,"column":9},"end":{"line":39,"column":3}},"18":{"start":{"line":34,"column":4},"end":{"line":34,"column":43}},"19":{"start":{"line":35,"column":4},"end":{"line":35,"column":23}},"20":{"start":{"line":37,"column":4},"end":{"line":37,"column":43}},"21":{"start":{"line":38,"column":4},"end":{"line":38,"column":27}},"22":{"start":{"line":50,"column":2},"end":{"line":50,"column":53}},"23":{"start":{"line":52,"column":2},"end":{"line":63,"column":3}},"24":{"start":{"line":56,"column":21},"end":{"line":59,"column":28}},"25":{"start":{"line":61,"column":4},"end":{"line":61,"column":56}},"26":{"start":{"line":62,"column":4},"end":{"line":62,"column":20}},"27":{"start":{"line":65,"column":2},"end":{"line":65,"column":73}},"28":{"start":{"line":66,"column":2},"end":{"line":66,"column":16}},"29":{"start":{"line":78,"column":2},"end":{"line":78,"column":70}},"30":{"start":{"line":80,"column":16},"end":{"line":80,"column":49}},"31":{"start":{"line":81,"column":16},"end":{"line":81,"column":38}},"32":{"start":{"line":83,"column":2},"end":{"line":86,"column":3}},"33":{"start":{"line":84,"column":4},"end":{"line":84,"column":72}},"34":{"start":{"line":85,"column":4},"end":{"line":85,"column":20}},"35":{"start":{"line":88,"column":16},"end":{"line":88,"column":24}},"36":{"start":{"line":89,"column":15},"end":{"line":89,"column":23}},"37":{"start":{"line":90,"column":2},"end":{"line":90,"column":55}},"38":{"start":{"line":91,"column":2},"end":{"line":91,"column":25}},"39":{"start":{"line":103,"column":2},"end":{"line":103,"column":55}},"40":{"start":{"line":104,"column":21},"end":{"line":104,"column":31}},"41":{"start":{"line":107,"column":19},"end":{"line":107,"column":65}},"42":{"start":{"line":108,"column":19},"end":{"line":108,"column":45}},"43":{"start":{"line":110,"column":2},"end":{"line":113,"column":3}},"44":{"start":{"line":111,"column":4},"end":{"line":111,"column":59}},"45":{"start":{"line":112,"column":4},"end":{"line":112,"column":23}},"46":{"start":{"line":116,"column":22},"end":{"line":116,"column":63}},"47":{"start":{"line":117,"column":22},"end":{"line":117,"column":51}},"48":{"start":{"line":119,"column":2},"end":{"line":123,"column":3}},"49":{"start":{"line":120,"column":21},"end":{"line":120,"column":45}},"50":{"start":{"line":121,"column":4},"end":{"line":121,"column":52}},"51":{"start":{"line":122,"column":4},"end":{"line":122,"column":16}},"52":{"start":{"line":125,"column":2},"end":{"line":125,"column":65}},"53":{"start":{"line":126,"column":2},"end":{"line":126,"column":18}},"54":{"start":{"line":142,"column":2},"end":{"line":142,"column":62}},"55":{"start":{"line":144,"column":2},"end":{"line":147,"column":3}},"56":{"start":{"line":145,"column":4},"end":{"line":145,"column":51}},"57":{"start":{"line":146,"column":4},"end":{"line":146,"column":20}},"58":{"start":{"line":149,"column":22},"end":{"line":149,"column":24}},"59":{"start":{"line":150,"column":21},"end":{"line":150,"column":23}},"60":{"start":{"line":152,"column":2},"end":{"line":161,"column":3}},"61":{"start":{"line":153,"column":4},"end":{"line":153,"column":72}},"62":{"start":{"line":154,"column":24},"end":{"line":154,"column":54}},"63":{"start":{"line":155,"column":19},"end":{"line":155,"column":61}},"64":{"start":{"line":156,"column":21},"end":{"line":156,"column":46}},"65":{"start":{"line":157,"column":4},"end":{"line":157,"column":60}},"66":{"start":{"line":158,"column":9},"end":{"line":161,"column":3}},"67":{"start":{"line":159,"column":4},"end":{"line":159,"column":41}},"68":{"start":{"line":160,"column":4},"end":{"line":160,"column":49}},"69":{"start":{"line":163,"column":2},"end":{"line":163,"column":73}},"70":{"start":{"line":164,"column":2},"end":{"line":164,"column":25}}},"fnMap":{"0":{"name":"(anonymous_0)","decl":{"start":{"line":5,"column":0},"end":{"line":5,"column":12}},"loc":{"start":{"line":5,"column":19},"end":{"line":9,"column":1}}},"1":{"name":"checkUrlType","decl":{"start":{"line":24,"column":16},"end":{"line":24,"column":28}},"loc":{"start":{"line":24,"column":40},"end":{"line":40,"column":1}}},"2":{"name":"convertSshToHttps","decl":{"start":{"line":49,"column":16},"end":{"line":49,"column":33}},"loc":{"start":{"line":49,"column":48},"end":{"line":67,"column":1}}},"3":{"name":"extractOwnerAndRepo","decl":{"start":{"line":77,"column":16},"end":{"line":77,"column":35}},"loc":{"start":{"line":77,"column":53},"end":{"line":92,"column":1}}},"4":{"name":"extractPackageNameFromUrl","decl":{"start":{"line":102,"column":16},"end":{"line":102,"column":41}},"loc":{"start":{"line":102,"column":53},"end":{"line":127,"column":1}}},"5":{"name":"processUrl","decl":{"start":{"line":138,"column":22},"end":{"line":138,"column":32}},"loc":{"start":{"line":140,"column":13},"end":{"line":165,"column":1}}}},"branchMap":{"0":{"loc":{"start":{"line":5,"column":12},"end":{"line":5,"column":null}},"type":"binary-expr","locations":[{"start":{"line":5,"column":12},"end":{"line":5,"column":19}},{"start":{"line":5,"column":19},"end":{"line":5,"column":null}}]},"1":{"loc":{"start":{"line":30,"column":2},"end":{"line":39,"column":3}},"type":"if","locations":[{"start":{"line":30,"column":2},"end":{"line":39,"column":3}},{"start":{"line":33,"column":9},"end":{"line":39,"column":3}}]},"2":{"loc":{"start":{"line":33,"column":9},"end":{"line":39,"column":3}},"type":"if","locations":[{"start":{"line":33,"column":9},"end":{"line":39,"column":3}},{"start":{"line":36,"column":9},"end":{"line":39,"column":3}}]},"3":{"loc":{"start":{"line":52,"column":2},"end":{"line":63,"column":3}},"type":"if","locations":[{"start":{"line":52,"column":2},"end":{"line":63,"column":3}}]},"4":{"loc":{"start":{"line":53,"column":4},"end":{"line":54,"column":40}},"type":"binary-expr","locations":[{"start":{"line":53,"column":4},"end":{"line":53,"column":46}},{"start":{"line":54,"column":4},"end":{"line":54,"column":40}}]},"5":{"loc":{"start":{"line":83,"column":2},"end":{"line":86,"column":3}},"type":"if","locations":[{"start":{"line":83,"column":2},"end":{"line":86,"column":3}}]},"6":{"loc":{"start":{"line":83,"column":6},"end":{"line":83,"column":32}},"type":"binary-expr","locations":[{"start":{"line":83,"column":6},"end":{"line":83,"column":12}},{"start":{"line":83,"column":16},"end":{"line":83,"column":32}}]},"7":{"loc":{"start":{"line":110,"column":2},"end":{"line":113,"column":3}},"type":"if","locations":[{"start":{"line":110,"column":2},"end":{"line":113,"column":3}}]},"8":{"loc":{"start":{"line":110,"column":6},"end":{"line":110,"column":38}},"type":"binary-expr","locations":[{"start":{"line":110,"column":6},"end":{"line":110,"column":14}},{"start":{"line":110,"column":18},"end":{"line":110,"column":38}}]},"9":{"loc":{"start":{"line":119,"column":2},"end":{"line":123,"column":3}},"type":"if","locations":[{"start":{"line":119,"column":2},"end":{"line":123,"column":3}}]},"10":{"loc":{"start":{"line":144,"column":2},"end":{"line":147,"column":3}},"type":"if","locations":[{"start":{"line":144,"column":2},"end":{"line":147,"column":3}}]},"11":{"loc":{"start":{"line":152,"column":2},"end":{"line":161,"column":3}},"type":"if","locations":[{"start":{"line":152,"column":2},"end":{"line":161,"column":3}},{"start":{"line":158,"column":9},"end":{"line":161,"column":3}}]},"12":{"loc":{"start":{"line":157,"column":43},"end":{"line":157,"column":57}},"type":"binary-expr","locations":[{"start":{"line":157,"column":43},"end":{"line":157,"column":51}},{"start":{"line":157,"column":55},"end":{"line":157,"column":57}}]},"13":{"loc":{"start":{"line":158,"column":9},"end":{"line":161,"column":3}},"type":"if","locations":[{"start":{"line":158,"column":9},"end":{"line":161,"column":3}}]}},"s":{"0":2,"1":2,"2":2,"3":2,"4":2,"5":2,"6":2,"7":2,"8":2,"9":2,"10":2,"11":3,"12":3,"13":3,"14":3,"15":1,"16":1,"17":2,"18":1,"19":1,"20":1,"21":1,"22":3,"23":3,"24":2,"25":2,"26":2,"27":1,"28":1,"29":5,"30":5,"31":5,"32":5,"33":1,"34":1,"35":4,"36":4,"37":4,"38":4,"39":4,"40":4,"41":4,"42":4,"43":4,"44":2,"45":2,"46":2,"47":2,"48":2,"49":1,"50":1,"51":1,"52":1,"53":1,"54":3,"55":3,"56":1,"57":1,"58":2,"59":2,"60":2,"61":1,"62":1,"63":1,"64":1,"65":1,"66":1,"67":1,"68":1,"69":2,"70":2},"f":{"0":2,"1":3,"2":3,"3":5,"4":4,"5":3},"b":{"0":[2,2],"1":[1,2],"2":[1,1],"3":[2],"4":[3,3],"5":[1],"6":[5,4],"7":[2],"8":[4,2],"9":[1],"10":[1],"11":[1,1],"12":[1,0],"13":[1]}},"/Users/jimmyho/Desktop/Fall_2024/ECE46100/Project_Repository/ECE-461-Project-Repo/src/apiProcess/npmApiProcess.ts":{"path":"/Users/jimmyho/Desktop/Fall_2024/ECE46100/Project_Repository/ECE-461-Project-Repo/src/apiProcess/npmApiProcess.ts","statementMap":{"0":{"start":{"line":25,"column":0},"end":{"line":25,"column":7}},"1":{"start":{"line":70,"column":0},"end":{"line":70,"column":7}},"2":{"start":{"line":3,"column":0},"end":{"line":3,"column":33}},"3":{"start":{"line":4,"column":0},"end":{"line":4,"column":16}},"4":{"start":{"line":5,"column":0},"end":{"line":5,"column":26}},"5":{"start":{"line":6,"column":0},"end":{"line":6,"column":32}},"6":{"start":{"line":8,"column":20},"end":{"line":8,"column":48}},"7":{"start":{"line":28,"column":2},"end":{"line":59,"column":3}},"8":{"start":{"line":29,"column":4},"end":{"line":29,"column":75}},"9":{"start":{"line":32,"column":16},"end":{"line":32,"column":47}},"10":{"start":{"line":33,"column":21},"end":{"line":33,"column":41}},"11":{"start":{"line":34,"column":4},"end":{"line":34,"column":72}},"12":{"start":{"line":37,"column":26},"end":{"line":37,"column":55}},"13":{"start":{"line":39,"column":4},"end":{"line":52,"column":5}},"14":{"start":{"line":40,"column":27},"end":{"line":42,"column":28}},"15":{"start":{"line":43,"column":6},"end":{"line":45,"column":8}},"16":{"start":{"line":46,"column":6},"end":{"line":46,"column":26}},"17":{"start":{"line":48,"column":6},"end":{"line":50,"column":8}},"18":{"start":{"line":51,"column":6},"end":{"line":51,"column":22}},"19":{"start":{"line":54,"column":4},"end":{"line":57,"column":6}},"20":{"start":{"line":58,"column":4},"end":{"line":58,"column":20}},"21":{"start":{"line":73,"column":2},"end":{"line":114,"column":3}},"22":{"start":{"line":74,"column":4},"end":{"line":74,"column":61}},"23":{"start":{"line":77,"column":16},"end":{"line":77,"column":47}},"24":{"start":{"line":78,"column":21},"end":{"line":78,"column":41}},"25":{"start":{"line":79,"column":4},"end":{"line":79,"column":66}},"26":{"start":{"line":82,"column":24},"end":{"line":82,"column":37}},"27":{"start":{"line":83,"column":20},"end":{"line":83,"column":55}},"28":{"start":{"line":84,"column":24},"end":{"line":84,"column":67}},"29":{"start":{"line":85,"column":32},"end":{"line":87,"column":9}},"30":{"start":{"line":88,"column":33},"end":{"line":90,"column":9}},"31":{"start":{"line":92,"column":37},"end":{"line":97,"column":6}},"32":{"start":{"line":99,"column":4},"end":{"line":99,"column":69}},"33":{"start":{"line":100,"column":4},"end":{"line":100,"column":62}},"34":{"start":{"line":102,"column":4},"end":{"line":102,"column":23}},"35":{"start":{"line":104,"column":4},"end":{"line":107,"column":6}},"36":{"start":{"line":108,"column":4},"end":{"line":113,"column":6}}},"fnMap":{"0":{"name":"getGitHubRepoFromNpmUrl","decl":{"start":{"line":25,"column":22},"end":{"line":25,"column":45}},"loc":{"start":{"line":26,"column":21},"end":{"line":60,"column":1}}},"1":{"name":"getNpmPackageInfo","decl":{"start":{"line":70,"column":22},"end":{"line":70,"column":39}},"loc":{"start":{"line":71,"column":21},"end":{"line":115,"column":1}}}},"branchMap":{"0":{"loc":{"start":{"line":39,"column":4},"end":{"line":52,"column":5}},"type":"if","locations":[{"start":{"line":39,"column":4},"end":{"line":52,"column":5}},{"start":{"line":47,"column":11},"end":{"line":52,"column":5}}]},"1":{"loc":{"start":{"line":83,"column":20},"end":{"line":83,"column":55}},"type":"binary-expr","locations":[{"start":{"line":83,"column":20},"end":{"line":83,"column":39}},{"start":{"line":83,"column":43},"end":{"line":83,"column":55}}]},"2":{"loc":{"start":{"line":84,"column":24},"end":{"line":84,"column":67}},"type":"binary-expr","locations":[{"start":{"line":84,"column":24},"end":{"line":84,"column":47}},{"start":{"line":84,"column":51},"end":{"line":84,"column":67}}]},"3":{"loc":{"start":{"line":85,"column":32},"end":{"line":87,"column":9}},"type":"cond-expr","locations":[{"start":{"line":86,"column":8},"end":{"line":86,"column":38}},{"start":{"line":87,"column":8},"end":{"line":87,"column":9}}]},"4":{"loc":{"start":{"line":88,"column":33},"end":{"line":90,"column":9}},"type":"cond-expr","locations":[{"start":{"line":89,"column":8},"end":{"line":89,"column":39}},{"start":{"line":90,"column":8},"end":{"line":90,"column":9}}]}},"s":{"0":3,"1":3,"2":3,"3":3,"4":3,"5":3,"6":3,"7":3,"8":3,"9":3,"10":3,"11":2,"12":2,"13":2,"14":1,"15":1,"16":1,"17":1,"18":1,"19":2,"20":2,"21":3,"22":3,"23":3,"24":3,"25":2,"26":2,"27":2,"28":2,"29":2,"30":2,"31":2,"32":2,"33":2,"34":2,"35":1,"36":1},"f":{"0":3,"1":3},"b":{"0":[1,1],"1":[2,1],"2":[2,1],"3":[1,1],"4":[1,1]}},"/Users/jimmyho/Desktop/Fall_2024/ECE46100/Project_Repository/ECE-461-Project-Repo/src/utils/fileUtils.ts":{"path":"/Users/jimmyho/Desktop/Fall_2024/ECE46100/Project_Repository/ECE-461-Project-Repo/src/utils/fileUtils.ts","statementMap":{"0":{"start":{"line":12,"column":0},"end":{"line":12,"column":7}},"1":{"start":{"line":1,"column":0},"end":{"line":1,"column":25}},"2":{"start":{"line":2,"column":0},"end":{"line":2,"column":29}},"3":{"start":{"line":13,"column":2},"end":{"line":28,"column":5}},"4":{"start":{"line":15,"column":25},"end":{"line":15,"column":47}},"5":{"start":{"line":18,"column":4},"end":{"line":27,"column":7}},"6":{"start":{"line":19,"column":6},"end":{"line":26,"column":7}},"7":{"start":{"line":21,"column":8},"end":{"line":21,"column":53}},"8":{"start":{"line":24,"column":21},"end":{"line":24,"column":60}},"9":{"start":{"line":25,"column":8},"end":{"line":25,"column":22}}},"fnMap":{"0":{"name":"readUrlsFromFile","decl":{"start":{"line":12,"column":22},"end":{"line":12,"column":38}},"loc":{"start":{"line":12,"column":55},"end":{"line":29,"column":1}}},"1":{"name":"(anonymous_7)","decl":{"start":{"line":13,"column":21},"end":{"line":13,"column":22}},"loc":{"start":{"line":13,"column":41},"end":{"line":28,"column":3}}},"2":{"name":"(anonymous_8)","decl":{"start":{"line":18,"column":38},"end":{"line":18,"column":39}},"loc":{"start":{"line":18,"column":52},"end":{"line":27,"column":5}}}},"branchMap":{"0":{"loc":{"start":{"line":19,"column":6},"end":{"line":26,"column":7}},"type":"if","locations":[{"start":{"line":19,"column":6},"end":{"line":26,"column":7}},{"start":{"line":22,"column":13},"end":{"line":26,"column":7}}]}},"s":{"0":2,"1":2,"2":2,"3":4,"4":4,"5":4,"6":4,"7":1,"8":3,"9":3},"f":{"0":4,"1":4,"2":4},"b":{"0":[1,3]}},"/Users/jimmyho/Desktop/Fall_2024/ECE46100/Project_Repository/ECE-461-Project-Repo/src/metrics/netScore.ts":{"path":"/Users/jimmyho/Desktop/Fall_2024/ECE46100/Project_Repository/ECE-461-Project-Repo/src/metrics/netScore.ts","statementMap":{"0":{"start":{"line":19,"column":0},"end":{"line":19,"column":7}},"1":{"start":{"line":40,"column":0},"end":{"line":40,"column":7}},"2":{"start":{"line":1,"column":0},"end":{"line":1,"column":73}},"3":{"start":{"line":2,"column":0},"end":{"line":2,"column":51}},"4":{"start":{"line":3,"column":0},"end":{"line":3,"column":59}},"5":{"start":{"line":4,"column":0},"end":{"line":4,"column":71}},"6":{"start":{"line":5,"column":0},"end":{"line":5,"column":49}},"7":{"start":{"line":6,"column":0},"end":{"line":6,"column":53}},"8":{"start":{"line":7,"column":0},"end":{"line":7,"column":53}},"9":{"start":{"line":8,"column":0},"end":{"line":8,"column":25}},"10":{"start":{"line":9,"column":0},"end":{"line":9,"column":32}},"11":{"start":{"line":23,"column":20},"end":{"line":23,"column":36}},"12":{"start":{"line":24,"column":16},"end":{"line":24,"column":33}},"13":{"start":{"line":25,"column":22},"end":{"line":25,"column":47}},"14":{"start":{"line":26,"column":18},"end":{"line":26,"column":55}},"15":{"start":{"line":27,"column":2},"end":{"line":27,"column":28}},"16":{"start":{"line":45,"column":16},"end":{"line":45,"column":36}},"17":{"start":{"line":48,"column":2},"end":{"line":129,"column":3}},"18":{"start":{"line":49,"column":4},"end":{"line":49,"column":69}},"19":{"start":{"line":50,"column":20},"end":{"line":50,"column":52}},"20":{"start":{"line":51,"column":4},"end":{"line":54,"column":5}},"21":{"start":{"line":52,"column":6},"end":{"line":52,"column":54}},"22":{"start":{"line":53,"column":6},"end":{"line":53,"column":18}},"23":{"start":{"line":56,"column":19},"end":{"line":56,"column":56}},"24":{"start":{"line":57,"column":20},"end":{"line":57,"column":61}},"25":{"start":{"line":58,"column":4},"end":{"line":58,"column":56}},"26":{"start":{"line":60,"column":24},"end":{"line":60,"column":44}},"27":{"start":{"line":61,"column":23},"end":{"line":61,"column":47}},"28":{"start":{"line":62,"column":21},"end":{"line":62,"column":64}},"29":{"start":{"line":63,"column":4},"end":{"line":63,"column":79}},"30":{"start":{"line":64,"column":4},"end":{"line":64,"column":50}},"31":{"start":{"line":65,"column":41},"end":{"line":68,"column":6}},"32":{"start":{"line":71,"column":6},"end":{"line":75,"column":8}},"33":{"start":{"line":77,"column":4},"end":{"line":77,"column":62}},"34":{"start":{"line":78,"column":25},"end":{"line":78,"column":53}},"35":{"start":{"line":79,"column":4},"end":{"line":82,"column":5}},"36":{"start":{"line":80,"column":6},"end":{"line":80,"column":54}},"37":{"start":{"line":81,"column":6},"end":{"line":81,"column":18}},"38":{"start":{"line":84,"column":4},"end":{"line":84,"column":46}},"39":{"start":{"line":86,"column":6},"end":{"line":90,"column":28}},"40":{"start":{"line":92,"column":19},"end":{"line":92,"column":56}},"41":{"start":{"line":93,"column":4},"end":{"line":95,"column":6}},"42":{"start":{"line":97,"column":4},"end":{"line":119,"column":6}},"43":{"start":{"line":121,"column":4},"end":{"line":121,"column":80}},"44":{"start":{"line":122,"column":4},"end":{"line":122,"column":16}},"45":{"start":{"line":125,"column":4},"end":{"line":128,"column":5}},"46":{"start":{"line":126,"column":6},"end":{"line":126,"column":57}},"47":{"start":{"line":127,"column":6},"end":{"line":127,"column":55}}},"fnMap":{"0":{"name":"measureLatency","decl":{"start":{"line":19,"column":22},"end":{"line":19,"column":36}},"loc":{"start":{"line":21,"column":12},"end":{"line":28,"column":1}}},"1":{"name":"GetNetScore","decl":{"start":{"line":40,"column":22},"end":{"line":40,"column":33}},"loc":{"start":{"line":43,"column":13},"end":{"line":130,"column":1}}}},"branchMap":{"0":{"loc":{"start":{"line":51,"column":4},"end":{"line":54,"column":5}},"type":"if","locations":[{"start":{"line":51,"column":4},"end":{"line":54,"column":5}}]},"1":{"loc":{"start":{"line":79,"column":4},"end":{"line":82,"column":5}},"type":"if","locations":[{"start":{"line":79,"column":4},"end":{"line":82,"column":5}}]},"2":{"loc":{"start":{"line":125,"column":4},"end":{"line":128,"column":5}},"type":"if","locations":[{"start":{"line":125,"column":4},"end":{"line":128,"column":5}}]},"3":{"loc":{"start":{"line":125,"column":8},"end":{"line":125,"column":33}},"type":"binary-expr","locations":[{"start":{"line":125,"column":8},"end":{"line":125,"column":11}},{"start":{"line":125,"column":15},"end":{"line":125,"column":33}}]}},"s":{"0":2,"1":2,"2":2,"3":2,"4":2,"5":2,"6":2,"7":2,"8":2,"9":2,"10":2,"11":5,"12":5,"13":5,"14":5,"15":5,"16":1,"17":1,"18":1,"19":1,"20":1,"21":0,"22":0,"23":1,"24":1,"25":1,"26":1,"27":1,"28":1,"29":1,"30":1,"31":1,"32":1,"33":1,"34":1,"35":1,"36":0,"37":0,"38":1,"39":1,"40":1,"41":1,"42":1,"43":0,"44":0,"45":1,"46":0,"47":0},"f":{"0":5,"1":1},"b":{"0":[0],"1":[0],"2":[0],"3":[1,0]}},"/Users/jimmyho/Desktop/Fall_2024/ECE46100/Project_Repository/ECE-461-Project-Repo/src/metrics/rampUpTime.ts":{"path":"/Users/jimmyho/Desktop/Fall_2024/ECE46100/Projec
[...]
3":1,"34":2,"35":2,"36":2,"37":1,"38":1,"39":1,"40":1,"41":1,"42":1,"43":1},"f":{"0":4,"1":2,"2":3,"3":3},"b":{"0":[2],"1":[4,3],"2":[1,1],"3":[5,2],"4":[1],"5":[1]}},"/Users/jimmyho/Desktop/Fall_2024/ECE46100/Project_Repository/ECE-461-Project-Repo/src/metrics/correctness.ts":{"path":"/Users/jimmyho/Desktop/Fall_2024/ECE46100/Project_Repository/ECE-461-Project-Repo/src/metrics/correctness.ts","statementMap":{"0":{"start":{"line":275,"column":9},"end":{"line":275,"column":29}},"1":{"start":{"line":3,"column":0},"end":{"line":3,"column":25}},"2":{"start":{"line":5,"column":0},"end":{"line":5,"column":29}},"3":{"start":{"line":6,"column":0},"end":{"line":6,"column":33}},"4":{"start":{"line":7,"column":0},"end":{"line":7,"column":32}},"5":{"start":{"line":8,"column":0},"end":{"line":8,"column":16}},"6":{"start":{"line":20,"column":2},"end":{"line":22,"column":3}},"7":{"start":{"line":21,"column":4},"end":{"line":21,"column":50}},"8":{"start":{"line":25,"column":28},"end":{"line":25,"column":63}},"9":{"start":{"line":30,"column":33},"end":{"line":30,"column":71}},"10":{"start":{"line":31,"column":2},"end":{"line":33,"column":4}},"11":{"start":{"line":34,"column":2},"end":{"line":34,"column":64}},"12":{"start":{"line":41,"column":32},"end":{"line":41,"column":33}},"13":{"start":{"line":44,"column":23},"end":{"line":44,"column":33}},"14":{"start":{"line":45,"column":2},"end":{"line":45,"column":53}},"15":{"start":{"line":48,"column":22},"end":{"line":48,"column":32}},"16":{"start":{"line":50,"column":2},"end":{"line":52,"column":3}},"17":{"start":{"line":51,"column":4},"end":{"line":51,"column":13}},"18":{"start":{"line":55,"column":28},"end":{"line":56,"column":null}},"19":{"start":{"line":60,"column":4},"end":{"line":60,"column":71}},"20":{"start":{"line":64,"column":17},"end":{"line":64,"column":34}},"21":{"start":{"line":65,"column":34},"end":{"line":66,"column":null}},"22":{"start":{"line":66,"column":15},"end":{"line":66,"column":60}},"23":{"start":{"line":68,"column":34},"end":{"line":69,"column":null}},"24":{"start":{"line":69,"column":15},"end":{"line":69,"column":39}},"25":{"start":{"line":72,"column":2},"end":{"line":81,"column":3}},"26":{"start":{"line":78,"column":4},"end":{"line":79,"column":70}},"27":{"start":{"line":80,"column":32},"end":{"line":80,"column":55}},"28":{"start":{"line":82,"column":2},"end":{"line":82,"column":33}},"29":{"start":{"line":95,"column":2},"end":{"line":97,"column":3}},"30":{"start":{"line":96,"column":4},"end":{"line":96,"column":16}},"31":{"start":{"line":99,"column":21},"end":{"line":99,"column":75}},"32":{"start":{"line":100,"column":51},"end":{"line":102,"column":4}},"33":{"start":{"line":104,"column":2},"end":{"line":127,"column":3}},"34":{"start":{"line":106,"column":55},"end":{"line":106,"column":69}},"35":{"start":{"line":107,"column":26},"end":{"line":109,"column":6}},"36":{"start":{"line":111,"column":4},"end":{"line":126,"column":5}},"37":{"start":{"line":112,"column":6},"end":{"line":125,"column":7}},"38":{"start":{"line":113,"column":8},"end":{"line":117,"column":9}},"39":{"start":{"line":114,"column":31},"end":{"line":114,"column":66}},"40":{"start":{"line":115,"column":10},"end":{"line":115,"column":67}},"41":{"start":{"line":116,"column":10},"end":{"line":116,"column":30}},"42":{"start":{"line":118,"column":8},"end":{"line":124,"column":9}},"43":{"start":{"line":120,"column":10},"end":{"line":123,"column":13}},"44":{"start":{"line":129,"column":2},"end":{"line":129,"column":14}},"45":{"start":{"line":136,"column":22},"end":{"line":136,"column":62}},"46":{"start":{"line":137,"column":51},"end":{"line":139,"column":4}},"47":{"start":{"line":141,"column":2},"end":{"line":162,"column":3}},"48":{"start":{"line":142,"column":55},"end":{"line":142,"column":69}},"49":{"start":{"line":143,"column":26},"end":{"line":145,"column":6}},"50":{"start":{"line":147,"column":4},"end":{"line":161,"column":5}},"51":{"start":{"line":148,"column":6},"end":{"line":160,"column":7}},"52":{"start":{"line":149,"column":8},"end":{"line":159,"column":9}},"53":{"start":{"line":150,"column":31},"end":{"line":150,"column":66}},"54":{"start":{"line":151,"column":10},"end":{"line":151,"column":67}},"55":{"start":{"line":152,"column":10},"end":{"line":152,"column":30}},"56":{"start":{"line":153,"column":15},"end":{"line":159,"column":9}},"57":{"start":{"line":155,"column":10},"end":{"line":158,"column":13}},"58":{"start":{"line":163,"column":2},"end":{"line":163,"column":14}},"59":{"start":{"line":171,"column":2},"end":{"line":184,"column":3}},"60":{"start":{"line":172,"column":22},"end":{"line":174,"column":6}},"61":{"start":{"line":175,"column":4},"end":{"line":183,"column":5}},"62":{"start":{"line":176,"column":6},"end":{"line":182,"column":7}},"63":{"start":{"line":178,"column":27},"end":{"line":178,"column":56}},"64":{"start":{"line":179,"column":8},"end":{"line":179,"column":65}},"65":{"start":{"line":181,"column":8},"end":{"line":181,"column":16}},"66":{"start":{"line":185,"column":2},"end":{"line":185,"column":15}},"67":{"start":{"line":190,"column":4},"end":{"line":190,"column":80}},"68":{"start":{"line":193,"column":24},"end":{"line":195,"column":6}},"69":{"start":{"line":196,"column":4},"end":{"line":206,"column":5}},"70":{"start":{"line":197,"column":23},"end":{"line":197,"column":54}},"71":{"start":{"line":198,"column":6},"end":{"line":205,"column":7}},"72":{"start":{"line":199,"column":22},"end":{"line":199,"column":53}},"73":{"start":{"line":200,"column":8},"end":{"line":202,"column":9}},"74":{"start":{"line":201,"column":10},"end":{"line":201,"column":21}},"75":{"start":{"line":203,"column":13},"end":{"line":205,"column":7}},"76":{"start":{"line":204,"column":8},"end":{"line":204,"column":19}},"77":{"start":{"line":207,"column":4},"end":{"line":207,"column":13}},"78":{"start":{"line":210,"column":2},"end":{"line":210,"column":43}},"79":{"start":{"line":223,"column":18},"end":{"line":223,"column":52}},"80":{"start":{"line":224,"column":2},"end":{"line":224,"column":59}},"81":{"start":{"line":226,"column":42},"end":{"line":229,"column":4}},"82":{"start":{"line":230,"column":2},"end":{"line":235,"column":3}},"83":{"start":{"line":233,"column":4},"end":{"line":233,"column":54}},"84":{"start":{"line":234,"column":4},"end":{"line":234,"column":13}},"85":{"start":{"line":236,"column":2},"end":{"line":240,"column":3}},"86":{"start":{"line":238,"column":4},"end":{"line":238,"column":55}},"87":{"start":{"line":239,"column":4},"end":{"line":239,"column":13}},"88":{"start":{"line":242,"column":29},"end":{"line":245,"column":4}},"89":{"start":{"line":247,"column":18},"end":{"line":247,"column":19}},"90":{"start":{"line":249,"column":2},"end":{"line":261,"column":3}},"91":{"start":{"line":252,"column":23},"end":{"line":252,"column":51}},"92":{"start":{"line":253,"column":4},"end":{"line":258,"column":5}},"93":{"start":{"line":255,"column":6},"end":{"line":255,"column":20}},"94":{"start":{"line":257,"column":6},"end":{"line":257,"column":44}},"95":{"start":{"line":260,"column":4},"end":{"line":260,"column":43}},"96":{"start":{"line":264,"column":22},"end":{"line":264,"column":23}},"97":{"start":{"line":265,"column":2},"end":{"line":271,"column":3}},"98":{"start":{"line":267,"column":4},"end":{"line":267,"column":42}},"99":{"start":{"line":270,"column":4},"end":{"line":270,"column":36}},"100":{"start":{"line":272,"column":2},"end":{"line":272,"column":23}}},"fnMap":{"0":{"name":"calculateCorrectness","decl":{"start":{"line":16,"column":15},"end":{"line":16,"column":35}},"loc":{"start":{"line":18,"column":20},"end":{"line":35,"column":1}}},"1":{"name":"_computeOpenToClosedIssueRatio","decl":{"start":{"line":38,"column":9},"end":{"line":38,"column":39}},"loc":{"start":{"line":38,"column":59},"end":{"line":83,"column":1}}},"2":{"name":"(anonymous_8)","decl":{"start":{"line":66,"column":4},"end":{"line":66,"column":5}},"loc":{"start":{"line":66,"column":15},"end":{"line":66,"column":60}}},"3":{"name":"(anonymous_9)","decl":{"start":{"line":69,"column":4},"end":{"line":69,"column":5}},"loc":{"start":{"line":69,"column":15},"end":{"line":69,"column":39}}},"4":{"name":"__findSrc","decl":{"start":{"line":91,"column":15},"end":{"line":91,"column":24}},"loc":{"start":{"line":93,"column":22},"end":{"line":130,"column":1}}},"5":{"name":"__findTest","decl":{"start":{"line":132,"column":15},"end":{"line":132,"column":25}},"loc":{"start":{"line":134,"column":22},"end":{"line":164,"column":1}}},"6":{"name":"__countFilesInDirectory","decl":{"start":{"line":166,"column":15},"end":{"line":166,"column":38}},"loc":{"start":{"line":168,"column":19},"end":{"line":186,"column":1}}},"7":{"name":"_getCIFilesScore","decl":{"start":{"line":188,"column":15},"end":{"line":188,"column":31}},"loc":{"start":{"line":188,"column":50},"end":{"line":211,"column":1}}},"8":{"name":"searchDirectory","decl":{"start":{"line":192,"column":17},"end":{"line":192,"column":32}},"loc":{"start":{"line":192,"column":50},"end":{"line":208,"column":3}}},"9":{"name":"_getCoverageScore","decl":{"start":{"line":221,"column":15},"end":{"line":221,"column":32}},"loc":{"start":{"line":221,"column":51},"end":{"line":273,"column":1}}}},"branchMap":{"0":{"loc":{"start":{"line":20,"column":2},"end":{"line":22,"column":3}},"type":"if","locations":[{"start":{"line":20,"column":2},"end":{"line":22,"column":3}}]},"1":{"loc":{"start":{"line":50,"column":2},"end":{"line":52,"column":3}},"type":"if","locations":[{"start":{"line":50,"column":2},"end":{"line":52,"column":3}}]},"2":{"loc":{"start":{"line":60,"column":4},"end":{"line":60,"column":71}},"type":"cond-expr","locations":[{"start":{"line":60,"column":39},"end":{"line":60,"column":56}},{"start":{"line":60,"column":59},"end":{"line":60,"column":71}}]},"3":{"loc":{"start":{"line":72,"column":2},"end":{"line":81,"column":3}},"type":"if","locations":[{"start":{"line":72,"column":2},"end":{"line":81,"column":3}}]},"4":{"loc":{"start":{"line":74,"column":6},"end":{"line":74,"column":80}},"type":"binary-expr","locations":[{"start":{"line":74,"column":6},"end":{"line":74,"column":41}},{"start":{"line":74,"column":45},"end":{"line":74,"column":80}}]},"5":{"loc":{"start":{"line":93,"column":2},"end":{"line":93,"column":22}},"type":"default-arg","locations":[{"start":{"line":93,"column":21},"end":{"line":93,"column":22}}]},"6":{"loc":{"start":{"line":95,"column":2},"end":{"line":97,"column":3}},"type":"if","locations":[{"start":{"line":95,"column":2},"end":{"line":97,"column":3}}]},"7":{"loc":{"start":{"line":112,"column":6},"end":{"line":125,"column":7}},"type":"if","locations":[{"start":{"line":112,"column":6},"end":{"line":125,"column":7}}]},"8":{"loc":{"start":{"line":113,"column":8},"end":{"line":117,"column":9}},"type":"if","locations":[{"start":{"line":113,"column":8},"end":{"line":117,"column":9}}]},"9":{"loc":{"start":{"line":118,"column":8},"end":{"line":124,"column":9}},"type":"if","locations":[{"start":{"line":118,"column":8},"end":{"line":124,"column":9}}]},"10":{"loc":{"start":{"line":134,"column":2},"end":{"line":134,"column":22}},"type":"default-arg","locations":[{"start":{"line":134,"column":21},"end":{"line":134,"column":22}}]},"11":{"loc":{"start":{"line":148,"column":6},"end":{"line":160,"column":7}},"type":"if","locations":[{"start":{"line":148,"column":6},"end":{"line":160,"column":7}}]},"12":{"loc":{"start":{"line":149,"column":8},"end":{"line":159,"column":9}},"type":"if","locations":[{"start":{"line":149,"column":8},"end":{"line":159,"column":9}},{"start":{"line":153,"column":15},"end":{"line":159,"column":9}}]},"13":{"loc":{"start":{"line":153,"column":15},"end":{"line":159,"column":9}},"type":"if","locations":[{"start":{"line":153,"column":15},"end":{"line":159,"column":9}}]},"14":{"loc":{"start":{"line":168,"column":2},"end":{"line":168,"column":19}},"type":"default-arg","locations":[{"start":{"line":168,"column":18},"end":{"line":168,"column":19}}]},"15":{"loc":{"start":{"line":171,"column":2},"end":{"line":184,"column":3}},"type":"if","locations":[{"start":{"line":171,"column":2},"end":{"line":184,"column":3}}]},"16":{"loc":{"start":{"line":176,"column":6},"end":{"line":182,"column":7}},"type":"if","locations":[{"start":{"line":176,"column":6},"end":{"line":182,"column":7}},{"start":{"line":180,"column":13},"end":{"line":182,"column":7}}]},"17":{"loc":{"start":{"line":198,"column":6},"end":{"line":205,"column":7}},"type":"if","locations":[{"start":{"line":198,"column":6},"end":{"line":205,"column":7}},{"start":{"line":203,"column":13},"end":{"line":205,"column":7}}]},"18":{"loc":{"start":{"line":200,"column":8},"end":{"line":202,"column":9}},"type":"if","locations":[{"start":{"line":200,"column":8},"end":{"line":202,"column":9}}]},"19":{"loc":{"start":{"line":203,"column":13},"end":{"line":205,"column":7}},"type":"if","locations":[{"start":{"line":203,"column":13},"end":{"line":205,"column":7}}]},"20":{"loc":{"start":{"line":230,"column":2},"end":{"line":235,"column":3}},"type":"if","locations":[{"start":{"line":230,"column":2},"end":{"line":235,"column":3}}]},"21":{"loc":{"start":{"line":236,"column":2},"end":{"line":240,"column":3}},"type":"if","locations":[{"start":{"line":236,"column":2},"end":{"line":240,"column":3}}]},"22":{"loc":{"start":{"line":249,"column":2},"end":{"line":261,"column":3}},"type":"if","locations":[{"start":{"line":249,"column":2},"end":{"line":261,"column":3}},{"start":{"line":259,"column":9},"end":{"line":261,"column":3}}]},"23":{"loc":{"start":{"line":253,"column":4},"end":{"line":258,"column":5}},"type":"if","locations":[{"start":{"line":253,"column":4},"end":{"line":258,"column":5}},{"start":{"line":256,"column":11},"end":{"line":258,"column":5}}]},"24":{"loc":{"start":{"line":265,"column":2},"end":{"line":271,"column":3}},"type":"if","locations":[{"start":{"line":265,"column":2},"end":{"line":271,"column":3}},{"start":{"line":268,"column":9},"end":{"line":271,"column":3}}]}},"s":{"0":2,"1":2,"2":2,"3":2,"4":2,"5":2,"6":5,"7":0,"8":5,"9":5,"10":5,"11":5,"12":5,"13":5,"14":5,"15":5,"16":5,"17":0,"18":5,"19":5,"20":5,"21":5,"22":15,"23":5,"24":0,"25":5,"26":0,"27":0,"28":5,"29":5,"30":0,"31":5,"32":5,"33":5,"34":9,"35":9,"36":9,"37":24,"38":7,"39":2,"40":2,"41":2,"42":5,"43":4,"44":3,"45":5,"46":5,"47":5,"48":8,"49":8,"50":8,"51":23,"52":8,"53":3,"54":3,"55":3,"56":5,"57":4,"58":2,"59":2,"60":2,"61":2,"62":4,"63":0,"64":0,"65":4,"66":2,"67":5,"68":8,"69":8,"70":14,"71":14,"72":3,"73":3,"74":3,"75":11,"76":5,"77":0,"78":5,"79":5,"80":5,"81":5,"82":5,"83":3,"84":3,"85":2,"86":1,"87":1,"88":1,"89":1,"90":1,"91":0,"92":0,"93":0,"94":0,"95":1,"96":1,"97":1,"98":1,"99":0,"100":1},"f":{"0":5,"1":5,"2":15,"3":0,"4":5,"5":5,"6":2,"7":5,"8":8,"9":5},"b":{"0":[0],"1":[0],"2":[0,5],"3":[0],"4":[5,0],"5":[5],"6":[0],"7":[7],"8":[2],"9":[4],"10":[5],"11":[8],"12":[3,5],"13":[4],"14":[2],"15":[2],"16":[0,4],"17":[3,11],"18":[3],"19":[5],"20":[3],"21":[1],"22":[0,1],"23":[0,0],"24":[1,0]}},"/Users/jimmyho/Desktop/Fall_2024/ECE46100/Project_Repository/ECE-461-Project-Repo/src/metrics/clone_repo.ts":{"path":"/Users/jimmyho/Desktop/Fall_2024/ECE46100/Project_Repository/ECE-461-Project-Repo/src/metrics/clone_repo.ts","statementMap":{"0":{"start":{"line":91,"column":9},"end":{"line":91,"column":18}},"1":{"start":{"line":91,"column":20},"end":{"line":91,"column":30}},"2":{"start":{"line":2,"column":0},"end":{"line":2,"column":29}},"3":{"start":{"line":3,"column":0},"end":{"line":3,"column":25}},"4":{"start":{"line":4,"column":0},"end":{"line":4,"column":49}},"5":{"start":{"line":5,"column":0},"end":{"line":5,"column":38}},"6":{"start":{"line":6,"column":0},"end":{"line":6,"column":26}},"7":{"start":{"line":17,"column":2},"end":{"line":32,"column":3}},"8":{"start":{"line":18,"column":16},"end":{"line":18,"column":34}},"9":{"start":{"line":19,"column":4},"end":{"line":21,"column":5}},"10":{"start":{"line":20,"column":6},"end":{"line":20,"column":44}},"11":{"start":{"line":22,"column":26},"end":{"line":22,"column":65}},"12":{"start":{"line":23,"column":4},"end":{"line":25,"column":5}},"13":{"start":{"line":24,"column":6},"end":{"line":24,"column":44}},"14":{"start":{"line":26,"column":16},"end":{"line":26,"column":29}},"15":{"start":{"line":27,"column":29},"end":{"line":27,"column":46}},"16":{"start":{"line":28,"column":4},"end":{"line":28,"column":55}},"17":{"start":{"line":31,"column":4},"end":{"line":31,"column":42}},"18":{"start":{"line":35,"column":2},"end":{"line":37,"column":3}},"19":{"start":{"line":36,"column":4},"end":{"line":36,"column":48}},"20":{"start":{"line":39,"column":2},"end":{"line":46,"column":5}},"21":{"start":{"line":48,"column":2},"end":{"line":48,"column":18}},"22":{"start":{"line":59,"column":2},"end":{"line":59,"column":55}},"23":{"start":{"line":64,"column":29},"end":{"line":64,"column":53}},"24":{"start":{"line":66,"column":27},"end":{"line":66,"column":59}},"25":{"start":{"line":67,"column":27},"end":{"line":67,"column":54}},"26":{"start":{"line":71,"column":2},"end":{"line":73,"column":3}},"27":{"start":{"line":72,"column":4},"end":{"line":72,"column":73}},"28":{"start":{"line":75,"column":2},"end":{"line":77,"column":3}},"29":{"start":{"line":76,"column":4},"end":{"line":76,"column":59}},"30":{"start":{"line":79,"column":2},"end":{"line":81,"column":3}},"31":{"start":{"line":80,"column":4},"end":{"line":80,"column":49}},"32":{"start":{"line":83,"column":2},"end":{"line":87,"column":5}},"33":{"start":{"line":84,"column":4},"end":{"line":86,"column":5}},"34":{"start":{"line":85,"column":6},"end":{"line":85,"column":55}},"35":{"start":{"line":88,"column":2},"end":{"line":88,"column":14}}},"fnMap":{"0":{"name":"cloneRepo","decl":{"start":{"line":14,"column":15},"end":{"line":14,"column":24}},"loc":{"start":{"line":14,"column":42},"end":{"line":49,"column":1}}},"1":{"name":"escapeRegExp","decl":{"start":{"line":58,"column":9},"end":{"line":58,"column":21}},"loc":{"start":{"line":58,"column":36},"end":{"line":60,"column":1}}},"2":{"name":"removeRepo","decl":{"start":{"line":62,"column":15},"end":{"line":62,"column":25}},"loc":{"start":{"line":62,"column":42},"end":{"line":89,"column":1}}},"3":{"name":"(anonymous_9)","decl":{"start":{"line":83,"column":47},"end":{"line":83,"column":48}},"loc":{"start":{"line":83,"column":55},"end":{"line":87,"column":3}}}},"branchMap":{"0":{"loc":{"start":{"line":19,"column":4},"end":{"line":21,"column":5}},"type":"if","locations":[{"start":{"line":19,"column":4},"end":{"line":21,"column":5}}]},"1":{"loc":{"start":{"line":23,"column":4},"end":{"line":25,"column":5}},"type":"if","locations":[{"start":{"line":23,"column":4},"end":{"line":25,"column":5}}]},"2":{"loc":{"start":{"line":23,"column":8},"end":{"line":23,"column":23}},"type":"binary-expr","locations":[{"start":{"line":23,"column":8},"end":{"line":23,"column":14}},{"start":{"line":23,"column":18},"end":{"line":23,"column":23}}]},"3":{"loc":{"start":{"line":35,"column":2},"end":{"line":37,"column":3}},"type":"if","locations":[{"start":{"line":35,"column":2},"end":{"line":37,"column":3}}]},"4":{"loc":{"start":{"line":71,"column":2},"end":{"line":73,"column":3}},"type":"if","locations":[{"start":{"line":71,"column":2},"end":{"line":73,"column":3}}]},"5":{"loc":{"start":{"line":75,"column":2},"end":{"line":77,"column":3}},"type":"if","locations":[{"start":{"line":75,"column":2},"end":{"line":77,"column":3}}]},"6":{"loc":{"start":{"line":79,"column":2},"end":{"line":81,"column":3}},"type":"if","locations":[{"start":{"line":79,"column":2},"end":{"line":81,"column":3}}]},"7":{"loc":{"start":{"line":84,"column":4},"end":{"line":86,"column":5}},"type":"if","locations":[{"start":{"line":84,"column":4},"end":{"line":86,"column":5}}]}},"s":{"0":2,"1":2,"2":2,"3":2,"4":2,"5":2,"6":2,"7":4,"8":4,"9":3,"10":1,"11":2,"12":2,"13":0,"14":2,"15":2,"16":2,"17":2,"18":2,"19":1,"20":2,"21":2,"22":0,"23":5,"24":5,"25":5,"26":5,"27":1,"28":4,"29":1,"30":3,"31":1,"32":2,"33":2,"34":1,"35":1},"f":{"0":4,"1":0,"2":5,"3":2},"b":{"0":[1],"1":[0],"2":[2,2],"3":[1],"4":[1],"5":[1],"6":[1],"7":[1]}}}}
